This file contains any messages produced by compilers while
running configure, to aid debugging if configure makes a mistake.

It was created by gaol configure "4.2.0", which was
generated by GNU Autoconf 2.69.  Invocation command line was

  $ ./configure --with-mathlib-include=/home/cyx/proyectos/ibex/ibex-lib/__build__/3rd/include --with-mathlib-lib=/home/cyx/proyectos/ibex/ibex-lib/__build__/3rd/lib --disable-preserve-rounding --enable-optimize --disable-verbose-mode --enable-static --disable-shared --prefix=/home/cyx/proyectos/ibex/ibex-lib/__build__/3rd

## --------- ##
## Platform. ##
## --------- ##

hostname = pop-os
uname -m = x86_64
uname -r = 5.4.0-7642-generic
uname -s = Linux
uname -v = #46~1598628707~20.04~040157c-Ubuntu SMP Fri Aug 28 18:02:16 UTC 

/usr/bin/uname -p = x86_64
/bin/uname -X     = unknown

/bin/arch              = x86_64
/usr/bin/arch -k       = unknown
/usr/convex/getsysinfo = unknown
/usr/bin/hostinfo      = unknown
/bin/machine           = unknown
/usr/bin/oslevel       = unknown
/bin/universe          = unknown

PATH: /usr/local/sbin
PATH: /usr/local/bin
PATH: /usr/sbin
PATH: /usr/bin
PATH: /sbin
PATH: /bin
PATH: /usr/games
PATH: /usr/local/games
PATH: /snap/bin


## ----------- ##
## Core tests. ##
## ----------- ##

configure:2831: checking for a BSD-compatible install
configure:2899: result: /usr/bin/install -c
configure:2910: checking whether build environment is sane
configure:2965: result: yes
configure:3114: checking for a thread-safe mkdir -p
configure:3153: result: /usr/bin/mkdir -p
configure:3160: checking for gawk
configure:3190: result: no
configure:3160: checking for mawk
configure:3176: found /usr/bin/mawk
configure:3187: result: mawk
configure:3198: checking whether make sets $(MAKE)
configure:3220: result: yes
configure:3249: checking whether make supports nested variables
configure:3266: result: yes
configure:3352: checking whether to enable maintainer-specific portions of Makefiles
configure:3361: result: no
configure:3445: checking build system type
configure:3459: result: x86_64-pc-linux-gnu
configure:3479: checking host system type
configure:3492: result: x86_64-pc-linux-gnu
configure:3533: checking how to print strings
configure:3560: result: printf
configure:3593: checking for style of include used by make
configure:3621: result: GNU
configure:3692: checking for gcc
configure:3708: found /usr/bin/gcc
configure:3719: result: gcc
configure:3948: checking for C compiler version
configure:3957: gcc --version >&5
gcc (Ubuntu 9.3.0-10ubuntu2) 9.3.0
Copyright (C) 2019 Free Software Foundation, Inc.
This is free software; see the source for copying conditions.  There is NO
warranty; not even for MERCHANTABILITY or FITNESS FOR A PARTICULAR PURPOSE.

configure:3968: $? = 0
configure:3957: gcc -v >&5
Using built-in specs.
COLLECT_GCC=gcc
COLLECT_LTO_WRAPPER=/usr/lib/gcc/x86_64-linux-gnu/9/lto-wrapper
OFFLOAD_TARGET_NAMES=nvptx-none:hsa
OFFLOAD_TARGET_DEFAULT=1
Target: x86_64-linux-gnu
Configured with: ../src/configure -v --with-pkgversion='Ubuntu 9.3.0-10ubuntu2' --with-bugurl=file:///usr/share/doc/gcc-9/README.Bugs --enable-languages=c,ada,c++,go,brig,d,fortran,objc,obj-c++,gm2 --prefix=/usr --with-gcc-major-version-only --program-suffix=-9 --program-prefix=x86_64-linux-gnu- --enable-shared --enable-linker-build-id --libexecdir=/usr/lib --without-included-gettext --enable-threads=posix --libdir=/usr/lib --enable-nls --enable-clocale=gnu --enable-libstdcxx-debug --enable-libstdcxx-time=yes --with-default-libstdcxx-abi=new --enable-gnu-unique-object --disable-vtable-verify --enable-plugin --enable-default-pie --with-system-zlib --with-target-system-zlib=auto --enable-objc-gc=auto --enable-multiarch --disable-werror --with-arch-32=i686 --with-abi=m64 --with-multilib-list=m32,m64,mx32 --enable-multilib --with-tune=generic --enable-offload-targets=nvptx-none,hsa --without-cuda-driver --enable-checking=release --build=x86_64-linux-gnu --host=x86_64-linux-gnu --target=x86_64-linux-gnu
Thread model: posix
gcc version 9.3.0 (Ubuntu 9.3.0-10ubuntu2) 
configure:3968: $? = 0
configure:3957: gcc -V >&5
gcc: error: unrecognized command line option '-V'
gcc: fatal error: no input files
compilation terminated.
configure:3968: $? = 1
configure:3957: gcc -qversion >&5
gcc: error: unrecognized command line option '-qversion'; did you mean '--version'?
gcc: fatal error: no input files
compilation terminated.
configure:3968: $? = 1
configure:3988: checking whether the C compiler works
configure:4010: gcc      conftest.c  >&5
configure:4014: $? = 0
configure:4062: result: yes
configure:4065: checking for C compiler default output file name
configure:4067: result: a.out
configure:4073: checking for suffix of executables
configure:4080: gcc -o conftest      conftest.c  >&5
configure:4084: $? = 0
configure:4106: result: 
configure:4128: checking whether we are cross compiling
configure:4136: gcc -o conftest      conftest.c  >&5
configure:4140: $? = 0
configure:4147: ./conftest
configure:4151: $? = 0
configure:4139: result: no
configure:4144: checking for suffix of object files
configure:4166: gcc -c     conftest.c >&5
configure:4170: $? = 0
configure:4191: result: o
configure:4195: checking whether we are using the GNU C compiler
configure:4214: gcc -c     conftest.c >&5
configure:4214: $? = 0
configure:4223: result: yes
configure:4232: checking whether gcc accepts -g
configure:4252: gcc -c -g  conftest.c >&5
configure:4252: $? = 0
configure:4293: result: yes
configure:4310: checking for gcc option to accept ISO C89
configure:4373: gcc  -c     conftest.c >&5
configure:4373: $? = 0
configure:4386: result: none needed
configure:4408: checking dependency style of gcc
configure:4519: result: gcc3
configure:4534: checking for a sed that does not truncate output
configure:4598: result: /usr/bin/sed
configure:4616: checking for grep that handles long lines and -e
configure:4674: result: /usr/bin/grep
configure:4679: checking for egrep
configure:4741: result: /usr/bin/grep -E
configure:4746: checking for fgrep
configure:4808: result: /usr/bin/grep -F
configure:4843: checking for ld used by gcc
configure:4910: result: /usr/bin/ld
configure:4917: checking if the linker (/usr/bin/ld) is GNU ld
configure:4932: result: yes
configure:4944: checking for BSD- or MS-compatible name lister (nm)
configure:4993: result: /usr/bin/nm -B
configure:5123: checking the name lister (/usr/bin/nm -B) interface
configure:5130: gcc -c     conftest.c >&5
configure:5133: /usr/bin/nm -B "conftest.o"
configure:5136: output
0000000000000000 B some_variable
configure:5137: result: BSD nm
configure:5140: checking whether ln -s works
configure:5144: result: yes
configure:5152: checking the maximum length of command line arguments
configure:5283: result: 1572864
configure:5300: checking whether the shell understands some XSI constructs
configure:5309: result: yes
configure:5313: checking whether the shell understands "+="
configure:5317: result: yes
configure:5352: checking how to convert x86_64-pc-linux-gnu file names to x86_64-pc-linux-gnu format
configure:5392: result: func_convert_file_noop
configure:5399: checking how to convert x86_64-pc-linux-gnu file names to toolchain format
configure:5419: result: func_convert_file_noop
configure:5426: checking for /usr/bin/ld option to reload object files
configure:5433: result: -r
configure:5507: checking for objdump
configure:5523: found /usr/bin/objdump
configure:5534: result: objdump
configure:5566: checking how to recognize dependent libraries
configure:5764: result: pass_all
configure:5849: checking for dlltool
configure:5879: result: no
configure:5909: checking how to associate runtime and link libraries
configure:5936: result: printf %s\n
configure:5997: checking for ar
configure:6013: found /usr/bin/ar
configure:6024: result: ar
configure:6061: checking for archiver @FILE support
configure:6078: gcc -c     conftest.c >&5
configure:6078: $? = 0
configure:6081: ar cru libconftest.a @conftest.lst >&5
ar: `u' modifier ignored since `D' is the default (see `U')
configure:6084: $? = 0
configure:6089: ar cru libconftest.a @conftest.lst >&5
ar: `u' modifier ignored since `D' is the default (see `U')
ar: conftest.o: No such file or directory
configure:6092: $? = 1
configure:6091: result: @
configure:6149: checking for strip
configure:6165: found /usr/bin/strip
configure:6176: result: strip
configure:6248: checking for ranlib
configure:6264: found /usr/bin/ranlib
configure:6275: result: ranlib
configure:6377: checking command to parse /usr/bin/nm -B output from gcc object
configure:6497: gcc -c     conftest.c >&5
configure:6500: $? = 0
configure:6504: /usr/bin/nm -B conftest.o \| sed -n -e 's/^.*[ ]\([ABCDGIRSTW][ABCDGIRSTW]*\)[ ][ ]*\([_A-Za-z][_A-Za-z0-9]*\)$/\1 \2 \2/p' | sed '/ __gnu_lto/d' \> conftest.nm
configure:6507: $? = 0
configure:6573: gcc -o conftest      conftest.c conftstm.o >&5
configure:6576: $? = 0
configure:6614: result: ok
configure:6651: checking for sysroot
configure:6681: result: no
configure:6758: gcc -c     conftest.c >&5
configure:6761: $? = 0
configure:6944: checking for mt
configure:6960: found /usr/bin/mt
configure:6971: result: mt
configure:6994: checking if mt is a manifest tool
configure:7000: mt '-?'
configure:7008: result: no
configure:7650: checking how to run the C preprocessor
configure:7681: gcc -E  conftest.c
configure:7681: $? = 0
configure:7695: gcc -E  conftest.c
conftest.c:15:10: fatal error: ac_nonexistent.h: No such file or directory
   15 | #include <ac_nonexistent.h>
      |          ^~~~~~~~~~~~~~~~~~
compilation terminated.
configure:7695: $? = 1
configure: failed program was:
| /* confdefs.h */
| #define PACKAGE_NAME "gaol"
| #define PACKAGE_TARNAME "gaol"
| #define PACKAGE_VERSION ""4.2.0""
| #define PACKAGE_STRING "gaol "4.2.0""
| #define PACKAGE_BUGREPORT "goualard@users.sourceforge.net"
| #define PACKAGE_URL ""
| #define PACKAGE "gaol"
| #define VERSION ""4.2.0""
| #define GAOL_MAJOR_VERSION 4
| #define GAOL_MINOR_VERSION 2
| #define GAOL_MICRO_VERSION 0
| #define GAOL_VERSION "4.2.0"
| /* end confdefs.h.  */
| #include <ac_nonexistent.h>
configure:7720: result: gcc -E
configure:7740: gcc -E  conftest.c
configure:7740: $? = 0
configure:7754: gcc -E  conftest.c
conftest.c:15:10: fatal error: ac_nonexistent.h: No such file or directory
   15 | #include <ac_nonexistent.h>
      |          ^~~~~~~~~~~~~~~~~~
compilation terminated.
configure:7754: $? = 1
configure: failed program was:
| /* confdefs.h */
| #define PACKAGE_NAME "gaol"
| #define PACKAGE_TARNAME "gaol"
| #define PACKAGE_VERSION ""4.2.0""
| #define PACKAGE_STRING "gaol "4.2.0""
| #define PACKAGE_BUGREPORT "goualard@users.sourceforge.net"
| #define PACKAGE_URL ""
| #define PACKAGE "gaol"
| #define VERSION ""4.2.0""
| #define GAOL_MAJOR_VERSION 4
| #define GAOL_MINOR_VERSION 2
| #define GAOL_MICRO_VERSION 0
| #define GAOL_VERSION "4.2.0"
| /* end confdefs.h.  */
| #include <ac_nonexistent.h>
configure:7783: checking for ANSI C header files
configure:7803: gcc -c     conftest.c >&5
configure:7803: $? = 0
configure:7876: gcc -o conftest      conftest.c  >&5
configure:7876: $? = 0
configure:7876: ./conftest
configure:7876: $? = 0
configure:7887: result: yes
configure:7900: checking for sys/types.h
configure:7900: gcc -c     conftest.c >&5
configure:7900: $? = 0
configure:7900: result: yes
configure:7900: checking for sys/stat.h
configure:7900: gcc -c     conftest.c >&5
configure:7900: $? = 0
configure:7900: result: yes
configure:7900: checking for stdlib.h
configure:7900: gcc -c     conftest.c >&5
configure:7900: $? = 0
configure:7900: result: yes
configure:7900: checking for string.h
configure:7900: gcc -c     conftest.c >&5
configure:7900: $? = 0
configure:7900: result: yes
configure:7900: checking for memory.h
configure:7900: gcc -c     conftest.c >&5
configure:7900: $? = 0
configure:7900: result: yes
configure:7900: checking for strings.h
configure:7900: gcc -c     conftest.c >&5
configure:7900: $? = 0
configure:7900: result: yes
configure:7900: checking for inttypes.h
configure:7900: gcc -c     conftest.c >&5
configure:7900: $? = 0
configure:7900: result: yes
configure:7900: checking for stdint.h
configure:7900: gcc -c     conftest.c >&5
configure:7900: $? = 0
configure:7900: result: yes
configure:7900: checking for unistd.h
configure:7900: gcc -c     conftest.c >&5
configure:7900: $? = 0
configure:7900: result: yes
configure:7914: checking for dlfcn.h
configure:7914: gcc -c     conftest.c >&5
configure:7914: $? = 0
configure:7914: result: yes
configure:8119: checking for objdir
configure:8134: result: .libs
configure:8405: checking if gcc supports -fno-rtti -fno-exceptions
configure:8423: gcc -c     -fno-rtti -fno-exceptions conftest.c >&5
cc1: warning: command line option '-fno-rtti' is valid for C++/D/ObjC++ but not for C
configure:8427: $? = 0
configure:8440: result: no
configure:8767: checking for gcc option to produce PIC
configure:8774: result: -fPIC -DPIC
configure:8782: checking if gcc PIC flag -fPIC -DPIC works
configure:8800: gcc -c     -fPIC -DPIC -DPIC conftest.c >&5
configure:8804: $? = 0
configure:8817: result: yes
configure:8846: checking if gcc static flag -static works
configure:8874: result: yes
configure:8889: checking if gcc supports -c -o file.o
configure:8910: gcc -c     -o out/conftest2.o conftest.c >&5
configure:8914: $? = 0
configure:8936: result: yes
configure:8944: checking if gcc supports -c -o file.o
configure:8991: result: yes
configure:9024: checking whether the gcc linker (/usr/bin/ld -m elf_x86_64) supports shared libraries
configure:10181: result: yes
configure:10421: checking dynamic linker characteristics
configure:10921: gcc -o conftest      -Wl,-rpath -Wl,/foo conftest.c  >&5
configure:10921: $? = 0
configure:11155: result: GNU/Linux ld.so
configure:11262: checking how to hardcode library paths into programs
configure:11287: result: immediate
configure:11381: checking for shl_load
configure:11381: gcc -o conftest      conftest.c  >&5
/usr/bin/ld: /tmp/ccSPY29s.o: in function `main':
conftest.c:(.text+0xe): undefined reference to `shl_load'
collect2: error: ld returned 1 exit status
configure:11381: $? = 1
configure: failed program was:
| /* confdefs.h */
| #define PACKAGE_NAME "gaol"
| #define PACKAGE_TARNAME "gaol"
| #define PACKAGE_VERSION ""4.2.0""
| #define PACKAGE_STRING "gaol "4.2.0""
| #define PACKAGE_BUGREPORT "goualard@users.sourceforge.net"
| #define PACKAGE_URL ""
| #define PACKAGE "gaol"
| #define VERSION ""4.2.0""
| #define GAOL_MAJOR_VERSION 4
| #define GAOL_MINOR_VERSION 2
| #define GAOL_MICRO_VERSION 0
| #define GAOL_VERSION "4.2.0"
| #define STDC_HEADERS 1
| #define HAVE_SYS_TYPES_H 1
| #define HAVE_SYS_STAT_H 1
| #define HAVE_STDLIB_H 1
| #define HAVE_STRING_H 1
| #define HAVE_MEMORY_H 1
| #define HAVE_STRINGS_H 1
| #define HAVE_INTTYPES_H 1
| #define HAVE_STDINT_H 1
| #define HAVE_UNISTD_H 1
| #define HAVE_DLFCN_H 1
| #define LT_OBJDIR ".libs/"
| /* end confdefs.h.  */
| /* Define shl_load to an innocuous variant, in case <limits.h> declares shl_load.
|    For example, HP-UX 11i <limits.h> declares gettimeofday.  */
| #define shl_load innocuous_shl_load
| 
| /* System header to define __stub macros and hopefully few prototypes,
|     which can conflict with char shl_load (); below.
|     Prefer <limits.h> to <assert.h> if __STDC__ is defined, since
|     <limits.h> exists even on freestanding compilers.  */
| 
| #ifdef __STDC__
| # include <limits.h>
| #else
| # include <assert.h>
| #endif
| 
| #undef shl_load
| 
| /* Override any GCC internal prototype to avoid an error.
|    Use char because int might match the return type of a GCC
|    builtin and then its argument prototype would still apply.  */
| #ifdef __cplusplus
| extern "C"
| #endif
| char shl_load ();
| /* The GNU C library defines this for functions which it implements
|     to always fail with ENOSYS.  Some functions are actually named
|     something starting with __ and the normal name is an alias.  */
| #if defined __stub_shl_load || defined __stub___shl_load
| choke me
| #endif
| 
| int
| main ()
| {
| return shl_load ();
|   ;
|   return 0;
| }
configure:11381: result: no
configure:11385: checking for shl_load in -ldld
configure:11410: gcc -o conftest      conftest.c -ldld   >&5
/usr/bin/ld: cannot find -ldld
collect2: error: ld returned 1 exit status
configure:11410: $? = 1
configure: failed program was:
| /* confdefs.h */
| #define PACKAGE_NAME "gaol"
| #define PACKAGE_TARNAME "gaol"
| #define PACKAGE_VERSION ""4.2.0""
| #define PACKAGE_STRING "gaol "4.2.0""
| #define PACKAGE_BUGREPORT "goualard@users.sourceforge.net"
| #define PACKAGE_URL ""
| #define PACKAGE "gaol"
| #define VERSION ""4.2.0""
| #define GAOL_MAJOR_VERSION 4
| #define GAOL_MINOR_VERSION 2
| #define GAOL_MICRO_VERSION 0
| #define GAOL_VERSION "4.2.0"
| #define STDC_HEADERS 1
| #define HAVE_SYS_TYPES_H 1
| #define HAVE_SYS_STAT_H 1
| #define HAVE_STDLIB_H 1
| #define HAVE_STRING_H 1
| #define HAVE_MEMORY_H 1
| #define HAVE_STRINGS_H 1
| #define HAVE_INTTYPES_H 1
| #define HAVE_STDINT_H 1
| #define HAVE_UNISTD_H 1
| #define HAVE_DLFCN_H 1
| #define LT_OBJDIR ".libs/"
| /* end confdefs.h.  */
| 
| /* Override any GCC internal prototype to avoid an error.
|    Use char because int might match the return type of a GCC
|    builtin and then its argument prototype would still apply.  */
| #ifdef __cplusplus
| extern "C"
| #endif
| char shl_load ();
| int
| main ()
| {
| return shl_load ();
|   ;
|   return 0;
| }
configure:11419: result: no
configure:11424: checking for dlopen
configure:11424: gcc -o conftest      conftest.c  >&5
/usr/bin/ld: /tmp/ccJzWiiA.o: in function `main':
conftest.c:(.text+0xe): undefined reference to `dlopen'
collect2: error: ld returned 1 exit status
configure:11424: $? = 1
configure: failed program was:
| /* confdefs.h */
| #define PACKAGE_NAME "gaol"
| #define PACKAGE_TARNAME "gaol"
| #define PACKAGE_VERSION ""4.2.0""
| #define PACKAGE_STRING "gaol "4.2.0""
| #define PACKAGE_BUGREPORT "goualard@users.sourceforge.net"
| #define PACKAGE_URL ""
| #define PACKAGE "gaol"
| #define VERSION ""4.2.0""
| #define GAOL_MAJOR_VERSION 4
| #define GAOL_MINOR_VERSION 2
| #define GAOL_MICRO_VERSION 0
| #define GAOL_VERSION "4.2.0"
| #define STDC_HEADERS 1
| #define HAVE_SYS_TYPES_H 1
| #define HAVE_SYS_STAT_H 1
| #define HAVE_STDLIB_H 1
| #define HAVE_STRING_H 1
| #define HAVE_MEMORY_H 1
| #define HAVE_STRINGS_H 1
| #define HAVE_INTTYPES_H 1
| #define HAVE_STDINT_H 1
| #define HAVE_UNISTD_H 1
| #define HAVE_DLFCN_H 1
| #define LT_OBJDIR ".libs/"
| /* end confdefs.h.  */
| /* Define dlopen to an innocuous variant, in case <limits.h> declares dlopen.
|    For example, HP-UX 11i <limits.h> declares gettimeofday.  */
| #define dlopen innocuous_dlopen
| 
| /* System header to define __stub macros and hopefully few prototypes,
|     which can conflict with char dlopen (); below.
|     Prefer <limits.h> to <assert.h> if __STDC__ is defined, since
|     <limits.h> exists even on freestanding compilers.  */
| 
| #ifdef __STDC__
| # include <limits.h>
| #else
| # include <assert.h>
| #endif
| 
| #undef dlopen
| 
| /* Override any GCC internal prototype to avoid an error.
|    Use char because int might match the return type of a GCC
|    builtin and then its argument prototype would still apply.  */
| #ifdef __cplusplus
| extern "C"
| #endif
| char dlopen ();
| /* The GNU C library defines this for functions which it implements
|     to always fail with ENOSYS.  Some functions are actually named
|     something starting with __ and the normal name is an alias.  */
| #if defined __stub_dlopen || defined __stub___dlopen
| choke me
| #endif
| 
| int
| main ()
| {
| return dlopen ();
|   ;
|   return 0;
| }
configure:11424: result: no
configure:11428: checking for dlopen in -ldl
configure:11453: gcc -o conftest      conftest.c -ldl   >&5
configure:11453: $? = 0
configure:11462: result: yes
configure:11581: checking whether a program can dlopen itself
configure:11661: gcc -o conftest     -DHAVE_DLFCN_H  -Wl,--export-dynamic conftest.c -ldl  >&5
configure:11664: $? = 0
configure:11682: result: yes
configure:11687: checking whether a statically linked program can dlopen itself
configure:11767: gcc -o conftest     -DHAVE_DLFCN_H  -Wl,--export-dynamic -static conftest.c -ldl  >&5
/usr/bin/ld: /tmp/ccbcqVC7.o: in function `main':
conftest.c:(.text+0x26): warning: Using 'dlopen' in statically linked applications requires at runtime the shared libraries from the glibc version used for linking
configure:11770: $? = 0
conftest: undefined symbol: _fnord
configure:11788: result: no
configure:11827: checking whether stripping libraries is possible
configure:11832: result: yes
configure:11867: checking if libtool supports shared libraries
configure:11869: result: yes
configure:11872: checking whether to build shared libraries
configure:11893: result: no
configure:11896: checking whether to build static libraries
configure:11900: result: yes
configure:8953: checking for bison
configure:8969: found /usr/bin/bison
configure:8980: result: bison -y
configure:9108: checking for C compiler version
configure:9117: gcc --version >&5
gcc (Ubuntu 9.3.0-10ubuntu2) 9.3.0
Copyright (C) 2019 Free Software Foundation, Inc.
This is free software; see the source for copying conditions.  There is NO
warranty; not even for MERCHANTABILITY or FITNESS FOR A PARTICULAR PURPOSE.

configure:9128: $? = 0
configure:9117: gcc -v >&5
Using built-in specs.
COLLECT_GCC=gcc
COLLECT_LTO_WRAPPER=/usr/lib/gcc/x86_64-linux-gnu/9/lto-wrapper
OFFLOAD_TARGET_NAMES=nvptx-none:hsa
OFFLOAD_TARGET_DEFAULT=1
Target: x86_64-linux-gnu
Configured with: ../src/configure -v --with-pkgversion='Ubuntu 9.3.0-10ubuntu2' --with-bugurl=file:///usr/share/doc/gcc-9/README.Bugs --enable-languages=c,ada,c++,go,brig,d,fortran,objc,obj-c++,gm2 --prefix=/usr --with-gcc-major-version-only --program-suffix=-9 --program-prefix=x86_64-linux-gnu- --enable-shared --enable-linker-build-id --libexecdir=/usr/lib --without-included-gettext --enable-threads=posix --libdir=/usr/lib --enable-nls --enable-clocale=gnu --enable-libstdcxx-debug --enable-libstdcxx-time=yes --with-default-libstdcxx-abi=new --enable-gnu-unique-object --disable-vtable-verify --enable-plugin --enable-default-pie --with-system-zlib --with-target-system-zlib=auto --enable-objc-gc=auto --enable-multiarch --disable-werror --with-arch-32=i686 --with-abi=m64 --with-multilib-list=m32,m64,mx32 --enable-multilib --with-tune=generic --enable-offload-targets=nvptx-none,hsa --without-cuda-driver --enable-checking=release --build=x86_64-linux-gnu --host=x86_64-linux-gnu --target=x86_64-linux-gnu
Thread model: posix
gcc version 9.3.0 (Ubuntu 9.3.0-10ubuntu2) 
configure:9128: $? = 0
configure:9117: gcc -V >&5
gcc: error: unrecognized command line option '-V'
gcc: fatal error: no input files
compilation terminated.
configure:9128: $? = 1
configure:9117: gcc -qversion >&5
gcc: error: unrecognized command line option '-qversion'; did you mean '--version'?
gcc: fatal error: no input files
compilation terminated.
configure:9128: $? = 1
configure:9132: checking whether we are using the GNU C compiler
configure:9160: result: yes
configure:9169: checking whether gcc accepts -g
configure:9230: result: yes
configure:9247: checking for gcc option to accept ISO C89
configure:9323: result: none needed
configure:9345: checking dependency style of gcc
configure:9456: result: gcc3
configure:9529: checking for g++
configure:9545: found /usr/bin/g++
configure:9556: result: g++
configure:9583: checking for C++ compiler version
configure:9592: g++ --version >&5
g++ (Ubuntu 9.3.0-10ubuntu2) 9.3.0
Copyright (C) 2019 Free Software Foundation, Inc.
This is free software; see the source for copying conditions.  There is NO
warranty; not even for MERCHANTABILITY or FITNESS FOR A PARTICULAR PURPOSE.

configure:9603: $? = 0
configure:9592: g++ -v >&5
Using built-in specs.
COLLECT_GCC=g++
COLLECT_LTO_WRAPPER=/usr/lib/gcc/x86_64-linux-gnu/9/lto-wrapper
OFFLOAD_TARGET_NAMES=nvptx-none:hsa
OFFLOAD_TARGET_DEFAULT=1
Target: x86_64-linux-gnu
Configured with: ../src/configure -v --with-pkgversion='Ubuntu 9.3.0-10ubuntu2' --with-bugurl=file:///usr/share/doc/gcc-9/README.Bugs --enable-languages=c,ada,c++,go,brig,d,fortran,objc,obj-c++,gm2 --prefix=/usr --with-gcc-major-version-only --program-suffix=-9 --program-prefix=x86_64-linux-gnu- --enable-shared --enable-linker-build-id --libexecdir=/usr/lib --without-included-gettext --enable-threads=posix --libdir=/usr/lib --enable-nls --enable-clocale=gnu --enable-libstdcxx-debug --enable-libstdcxx-time=yes --with-default-libstdcxx-abi=new --enable-gnu-unique-object --disable-vtable-verify --enable-plugin --enable-default-pie --with-system-zlib --with-target-system-zlib=auto --enable-objc-gc=auto --enable-multiarch --disable-werror --with-arch-32=i686 --with-abi=m64 --with-multilib-list=m32,m64,mx32 --enable-multilib --with-tune=generic --enable-offload-targets=nvptx-none,hsa --without-cuda-driver --enable-checking=release --build=x86_64-linux-gnu --host=x86_64-linux-gnu --target=x86_64-linux-gnu
Thread model: posix
gcc version 9.3.0 (Ubuntu 9.3.0-10ubuntu2) 
configure:9603: $? = 0
configure:9592: g++ -V >&5
g++: error: unrecognized command line option '-V'
g++: fatal error: no input files
compilation terminated.
configure:9603: $? = 1
configure:9592: g++ -qversion >&5
g++: error: unrecognized command line option '-qversion'; did you mean '--version'?
g++: fatal error: no input files
compilation terminated.
configure:9603: $? = 1
configure:9607: checking whether we are using the GNU C++ compiler
configure:9626: g++ -c    -I..  conftest.cpp >&5
configure:9626: $? = 0
configure:9635: result: yes
configure:9644: checking whether g++ accepts -g
configure:9664: g++ -c -g  conftest.cpp >&5
configure:9664: $? = 0
configure:9705: result: yes
configure:9730: checking dependency style of g++
configure:9841: result: gcc3
configure:9874: checking how to run the C++ preprocessor
configure:9901: g++ -E  conftest.cpp
configure:9901: $? = 0
configure:9915: g++ -E  conftest.cpp
conftest.cpp:27:10: fatal error: ac_nonexistent.h: No such file or directory
   27 | #include <ac_nonexistent.h>
      |          ^~~~~~~~~~~~~~~~~~
compilation terminated.
configure:9915: $? = 1
configure: failed program was:
| /* confdefs.h */
| #define PACKAGE_NAME "gaol"
| #define PACKAGE_TARNAME "gaol"
| #define PACKAGE_VERSION ""4.2.0""
| #define PACKAGE_STRING "gaol "4.2.0""
| #define PACKAGE_BUGREPORT "goualard@users.sourceforge.net"
| #define PACKAGE_URL ""
| #define PACKAGE "gaol"
| #define VERSION ""4.2.0""
| #define GAOL_MAJOR_VERSION 4
| #define GAOL_MINOR_VERSION 2
| #define GAOL_MICRO_VERSION 0
| #define GAOL_VERSION "4.2.0"
| #define STDC_HEADERS 1
| #define HAVE_SYS_TYPES_H 1
| #define HAVE_SYS_STAT_H 1
| #define HAVE_STDLIB_H 1
| #define HAVE_STRING_H 1
| #define HAVE_MEMORY_H 1
| #define HAVE_STRINGS_H 1
| #define HAVE_INTTYPES_H 1
| #define HAVE_STDINT_H 1
| #define HAVE_UNISTD_H 1
| #define HAVE_DLFCN_H 1
| #define LT_OBJDIR ".libs/"
| /* end confdefs.h.  */
| #include <ac_nonexistent.h>
configure:9940: result: g++ -E
configure:9960: g++ -E  conftest.cpp
configure:9960: $? = 0
configure:9974: g++ -E  conftest.cpp
conftest.cpp:27:10: fatal error: ac_nonexistent.h: No such file or directory
   27 | #include <ac_nonexistent.h>
      |          ^~~~~~~~~~~~~~~~~~
compilation terminated.
configure:9974: $? = 1
configure: failed program was:
| /* confdefs.h */
| #define PACKAGE_NAME "gaol"
| #define PACKAGE_TARNAME "gaol"
| #define PACKAGE_VERSION ""4.2.0""
| #define PACKAGE_STRING "gaol "4.2.0""
| #define PACKAGE_BUGREPORT "goualard@users.sourceforge.net"
| #define PACKAGE_URL ""
| #define PACKAGE "gaol"
| #define VERSION ""4.2.0""
| #define GAOL_MAJOR_VERSION 4
| #define GAOL_MINOR_VERSION 2
| #define GAOL_MICRO_VERSION 0
| #define GAOL_VERSION "4.2.0"
| #define STDC_HEADERS 1
| #define HAVE_SYS_TYPES_H 1
| #define HAVE_SYS_STAT_H 1
| #define HAVE_STDLIB_H 1
| #define HAVE_STRING_H 1
| #define HAVE_MEMORY_H 1
| #define HAVE_STRINGS_H 1
| #define HAVE_INTTYPES_H 1
| #define HAVE_STDINT_H 1
| #define HAVE_UNISTD_H 1
| #define HAVE_DLFCN_H 1
| #define LT_OBJDIR ".libs/"
| /* end confdefs.h.  */
| #include <ac_nonexistent.h>
configure:10143: checking for ld used by g++
configure:10210: result: /usr/bin/ld -m elf_x86_64
configure:10217: checking if the linker (/usr/bin/ld -m elf_x86_64) is GNU ld
configure:10232: result: yes
configure:10287: checking whether the g++ linker (/usr/bin/ld -m elf_x86_64) supports shared libraries
configure:11289: result: yes
configure:11325: g++ -c    -I..  conftest.cpp >&5
configure:11328: $? = 0
configure:11848: checking for g++ option to produce PIC
configure:11855: result: -fPIC -DPIC
configure:11863: checking if g++ PIC flag -fPIC -DPIC works
configure:11881: g++ -c    -I..  -fPIC -DPIC -DPIC conftest.cpp >&5
configure:11885: $? = 0
configure:11898: result: yes
configure:11921: checking if g++ static flag -static works
configure:11949: result: yes
configure:11961: checking if g++ supports -c -o file.o
configure:11982: g++ -c    -I..  -o out/conftest2.o conftest.cpp >&5
configure:11986: $? = 0
configure:12008: result: yes
configure:12013: checking if g++ supports -c -o file.o
configure:12060: result: yes
configure:12090: checking whether the g++ linker (/usr/bin/ld -m elf_x86_64) supports shared libraries
configure:12129: result: yes
configure:12270: checking dynamic linker characteristics
configure:12938: result: GNU/Linux ld.so
configure:12991: checking how to hardcode library paths into programs
configure:13016: result: immediate
configure:12012: checking whether SSE2 features are available
configure:12023: gcc -o conftest    -I..   conftest.c  >&5
configure:12023: $? = 0
configure:12023: ./conftest
configure:12023: $? = 0
configure:12032: result: yes
configure:12048: checking whether SSE3 features are available
configure:12059: gcc -o conftest    -I..   conftest.c  >&5
configure:12059: $? = 0
configure:12059: ./conftest
configure:12059: $? = 0
configure:12068: result: yes
configure:12123: checking for utan in -lultim
configure:12148: gcc -o conftest    -I..  -I/home/cyx/proyectos/ibex/ibex-lib/__build__/3rd/include -L/home/cyx/proyectos/ibex/ibex-lib/__build__/3rd/lib conftest.c -lultim  -lm >&5
configure:12148: $? = 0
configure:12157: result: yes
configure:12172: checking MathLib.h usability
configure:12172: gcc -c    -I..  -I/home/cyx/proyectos/ibex/ibex-lib/__build__/3rd/include conftest.c >&5
In file included from /home/cyx/proyectos/ibex/ibex-lib/__build__/3rd/include/mathlib_config.h:20,
                 from /home/cyx/proyectos/ibex/ibex-lib/__build__/3rd/include/MathLib.h:30,
                 from conftest.c:62:
/home/cyx/proyectos/ibex/ibex-lib/__build__/3rd/include/mathlib_configuration.h:63: warning: "PACKAGE_BUGREPORT" redefined
   63 | #define PACKAGE_BUGREPORT ""
      | 
conftest.c:6: note: this is the location of the previous definition
    6 | #define PACKAGE_BUGREPORT "goualard@users.sourceforge.net"
      | 
In file included from /home/cyx/proyectos/ibex/ibex-lib/__build__/3rd/include/mathlib_config.h:20,
                 from /home/cyx/proyectos/ibex/ibex-lib/__build__/3rd/include/MathLib.h:30,
                 from conftest.c:62:
/home/cyx/proyectos/ibex/ibex-lib/__build__/3rd/include/mathlib_configuration.h:66: warning: "PACKAGE_NAME" redefined
   66 | #define PACKAGE_NAME "mathlib"
      | 
conftest.c:2: note: this is the location of the previous definition
    2 | #define PACKAGE_NAME "gaol"
      | 
In file included from /home/cyx/proyectos/ibex/ibex-lib/__build__/3rd/include/mathlib_config.h:20,
                 from /home/cyx/proyectos/ibex/ibex-lib/__build__/3rd/include/MathLib.h:30,
                 from conftest.c:62:
/home/cyx/proyectos/ibex/ibex-lib/__build__/3rd/include/mathlib_configuration.h:69: warning: "PACKAGE_STRING" redefined
   69 | #define PACKAGE_STRING "mathlib 2.1.0"
      | 
conftest.c:5: note: this is the location of the previous definition
    5 | #define PACKAGE_STRING "gaol "4.2.0""
      | 
In file included from /home/cyx/proyectos/ibex/ibex-lib/__build__/3rd/include/mathlib_config.h:20,
                 from /home/cyx/proyectos/ibex/ibex-lib/__build__/3rd/include/MathLib.h:30,
                 from conftest.c:62:
/home/cyx/proyectos/ibex/ibex-lib/__build__/3rd/include/mathlib_configuration.h:72: warning: "PACKAGE_TARNAME" redefined
   72 | #define PACKAGE_TARNAME "mathlib"
      | 
conftest.c:3: note: this is the location of the previous definition
    3 | #define PACKAGE_TARNAME "gaol"
      | 
In file included from /home/cyx/proyectos/ibex/ibex-lib/__build__/3rd/include/mathlib_config.h:20,
                 from /home/cyx/proyectos/ibex/ibex-lib/__build__/3rd/include/MathLib.h:30,
                 from conftest.c:62:
/home/cyx/proyectos/ibex/ibex-lib/__build__/3rd/include/mathlib_configuration.h:78: warning: "PACKAGE_VERSION" redefined
   78 | #define PACKAGE_VERSION "2.1.0"
      | 
conftest.c:4: note: this is the location of the previous definition
    4 | #define PACKAGE_VERSION ""4.2.0""
      | 
configure:12172: $? = 0
configure:12172: result: yes
configure:12172: checking MathLib.h presence
configure:12172: gcc -E  -I/home/cyx/proyectos/ibex/ibex-lib/__build__/3rd/include conftest.c
In file included from /home/cyx/proyectos/ibex/ibex-lib/__build__/3rd/include/mathlib_config.h:20,
                 from /home/cyx/proyectos/ibex/ibex-lib/__build__/3rd/include/MathLib.h:30,
                 from conftest.c:29:
/home/cyx/proyectos/ibex/ibex-lib/__build__/3rd/include/mathlib_configuration.h:63: warning: "PACKAGE_BUGREPORT" redefined
   63 | #define PACKAGE_BUGREPORT ""
      | 
conftest.c:6: note: this is the location of the previous definition
    6 | #define PACKAGE_BUGREPORT "goualard@users.sourceforge.net"
      | 
In file included from /home/cyx/proyectos/ibex/ibex-lib/__build__/3rd/include/mathlib_config.h:20,
                 from /home/cyx/proyectos/ibex/ibex-lib/__build__/3rd/include/MathLib.h:30,
                 from conftest.c:29:
/home/cyx/proyectos/ibex/ibex-lib/__build__/3rd/include/mathlib_configuration.h:66: warning: "PACKAGE_NAME" redefined
   66 | #define PACKAGE_NAME "mathlib"
      | 
conftest.c:2: note: this is the location of the previous definition
    2 | #define PACKAGE_NAME "gaol"
      | 
In file included from /home/cyx/proyectos/ibex/ibex-lib/__build__/3rd/include/mathlib_config.h:20,
                 from /home/cyx/proyectos/ibex/ibex-lib/__build__/3rd/include/MathLib.h:30,
                 from conftest.c:29:
/home/cyx/proyectos/ibex/ibex-lib/__build__/3rd/include/mathlib_configuration.h:69: warning: "PACKAGE_STRING" redefined
   69 | #define PACKAGE_STRING "mathlib 2.1.0"
      | 
conftest.c:5: note: this is the location of the previous definition
    5 | #define PACKAGE_STRING "gaol "4.2.0""
      | 
In file included from /home/cyx/proyectos/ibex/ibex-lib/__build__/3rd/include/mathlib_config.h:20,
                 from /home/cyx/proyectos/ibex/ibex-lib/__build__/3rd/include/MathLib.h:30,
                 from conftest.c:29:
/home/cyx/proyectos/ibex/ibex-lib/__build__/3rd/include/mathlib_configuration.h:72: warning: "PACKAGE_TARNAME" redefined
   72 | #define PACKAGE_TARNAME "mathlib"
      | 
conftest.c:3: note: this is the location of the previous definition
    3 | #define PACKAGE_TARNAME "gaol"
      | 
In file included from /home/cyx/proyectos/ibex/ibex-lib/__build__/3rd/include/mathlib_config.h:20,
                 from /home/cyx/proyectos/ibex/ibex-lib/__build__/3rd/include/MathLib.h:30,
                 from conftest.c:29:
/home/cyx/proyectos/ibex/ibex-lib/__build__/3rd/include/mathlib_configuration.h:78: warning: "PACKAGE_VERSION" redefined
   78 | #define PACKAGE_VERSION "2.1.0"
      | 
conftest.c:4: note: this is the location of the previous definition
    4 | #define PACKAGE_VERSION ""4.2.0""
      | 
configure:12172: $? = 0
configure:12172: result: yes
configure:12172: checking for MathLib.h
configure:12172: result: yes
configure:12303: checking whether the C++ compiler accepts -fvisibility-inlines-hidden and -fvisibility
configure:12316: g++ -c -fvisibility-inlines-hidden -fvisibility=hidden  -I/home/cyx/proyectos/ibex/ibex-lib/__build__/3rd/include conftest.cpp >&5
configure:12316: $? = 0
configure:12322: result: yes
configure:12455: WARNING: x86_64-pc-linux-gnu
configure:12589: checking for dlopen in -ldl
configure:12623: result: yes
configure:12662: checking for cppunit/ui/text/TestRunner.h
configure:12668: checking cppunit/ui/text/TestRunner.h usability
configure:12668: g++ -c    -I.. -msse2 -msse3 -L/home/cyx/proyectos/ibex/ibex-lib/__build__/3rd/lib -O3 -funroll-loops -fomit-frame-pointer -fexpensive-optimizations -fvisibility-inlines-hidden -fvisibility=hidden -Wall -Wconversion   -I/home/cyx/proyectos/ibex/ibex-lib/__build__/3rd/include conftest.cpp >&5
conftest.cpp:70:10: fatal error: cppunit/ui/text/TestRunner.h: No such file or directory
   70 | #include <cppunit/ui/text/TestRunner.h>
      |          ^~~~~~~~~~~~~~~~~~~~~~~~~~~~~~
compilation terminated.
configure:12668: $? = 1
configure: failed program was:
| /* confdefs.h */
| #define PACKAGE_NAME "gaol"
| #define PACKAGE_TARNAME "gaol"
| #define PACKAGE_VERSION ""4.2.0""
| #define PACKAGE_STRING "gaol "4.2.0""
| #define PACKAGE_BUGREPORT "goualard@users.sourceforge.net"
| #define PACKAGE_URL ""
| #define PACKAGE "gaol"
| #define VERSION ""4.2.0""
| #define GAOL_MAJOR_VERSION 4
| #define GAOL_MINOR_VERSION 2
| #define GAOL_MICRO_VERSION 0
| #define GAOL_VERSION "4.2.0"
| #define STDC_HEADERS 1
| #define HAVE_SYS_TYPES_H 1
| #define HAVE_SYS_STAT_H 1
| #define HAVE_STDLIB_H 1
| #define HAVE_STRING_H 1
| #define HAVE_MEMORY_H 1
| #define HAVE_STRINGS_H 1
| #define HAVE_INTTYPES_H 1
| #define HAVE_STDINT_H 1
| #define HAVE_UNISTD_H 1
| #define HAVE_DLFCN_H 1
| #define LT_OBJDIR ".libs/"
| #define USING_SSE2_INSTRUCTIONS 1
| #define USING_SSE3_INSTRUCTIONS 1
| #define HAVE_MATHLIB_H 1
| #define GAOL_USING_APMATHLIB 1
| #define HAVE_VISIBILITY_OPTIONS 1
| #define GAOL_CERTAINLY_RELATIONS 1
| #define GAOL_EXCEPTIONS_ENABLED 1
| #define GAOL_USING_ASM 1
| #define IX86_LINUX 1
| #define X86_64BITS 1
| /* end confdefs.h.  */
| #include <stdio.h>
| #ifdef HAVE_SYS_TYPES_H
| # include <sys/types.h>
| #endif
| #ifdef HAVE_SYS_STAT_H
| # include <sys/stat.h>
| #endif
| #ifdef STDC_HEADERS
| # include <stdlib.h>
| # include <stddef.h>
| #else
| # ifdef HAVE_STDLIB_H
| #  include <stdlib.h>
| # endif
| #endif
| #ifdef HAVE_STRING_H
| # if !defined STDC_HEADERS && defined HAVE_MEMORY_H
| #  include <memory.h>
| # endif
| # include <string.h>
| #endif
| #ifdef HAVE_STRINGS_H
| # include <strings.h>
| #endif
| #ifdef HAVE_INTTYPES_H
| # include <inttypes.h>
| #endif
| #ifdef HAVE_STDINT_H
| # include <stdint.h>
| #endif
| #ifdef HAVE_UNISTD_H
| # include <unistd.h>
| #endif
| #include <cppunit/ui/text/TestRunner.h>
configure:12668: result: no
configure:12668: checking cppunit/ui/text/TestRunner.h presence
configure:12668: g++ -E  -I/home/cyx/proyectos/ibex/ibex-lib/__build__/3rd/include conftest.cpp
conftest.cpp:37:10: fatal error: cppunit/ui/text/TestRunner.h: No such file or directory
   37 | #include <cppunit/ui/text/TestRunner.h>
      |          ^~~~~~~~~~~~~~~~~~~~~~~~~~~~~~
compilation terminated.
configure:12668: $? = 1
configure: failed program was:
| /* confdefs.h */
| #define PACKAGE_NAME "gaol"
| #define PACKAGE_TARNAME "gaol"
| #define PACKAGE_VERSION ""4.2.0""
| #define PACKAGE_STRING "gaol "4.2.0""
| #define PACKAGE_BUGREPORT "goualard@users.sourceforge.net"
| #define PACKAGE_URL ""
| #define PACKAGE "gaol"
| #define VERSION ""4.2.0""
| #define GAOL_MAJOR_VERSION 4
| #define GAOL_MINOR_VERSION 2
| #define GAOL_MICRO_VERSION 0
| #define GAOL_VERSION "4.2.0"
| #define STDC_HEADERS 1
| #define HAVE_SYS_TYPES_H 1
| #define HAVE_SYS_STAT_H 1
| #define HAVE_STDLIB_H 1
| #define HAVE_STRING_H 1
| #define HAVE_MEMORY_H 1
| #define HAVE_STRINGS_H 1
| #define HAVE_INTTYPES_H 1
| #define HAVE_STDINT_H 1
| #define HAVE_UNISTD_H 1
| #define HAVE_DLFCN_H 1
| #define LT_OBJDIR ".libs/"
| #define USING_SSE2_INSTRUCTIONS 1
| #define USING_SSE3_INSTRUCTIONS 1
| #define HAVE_MATHLIB_H 1
| #define GAOL_USING_APMATHLIB 1
| #define HAVE_VISIBILITY_OPTIONS 1
| #define GAOL_CERTAINLY_RELATIONS 1
| #define GAOL_EXCEPTIONS_ENABLED 1
| #define GAOL_USING_ASM 1
| #define IX86_LINUX 1
| #define X86_64BITS 1
| /* end confdefs.h.  */
| #include <cppunit/ui/text/TestRunner.h>
configure:12668: result: no
configure:12668: checking for cppunit/ui/text/TestRunner.h
configure:12668: result: no
configure:12689: WARNING: "*******************************************"
configure:12691: WARNING: "Library 'cppunit' not present."
configure:12693: WARNING: "You will not be able to check the library."
configure:12695: WARNING: "*******************************************"
configure:12738: checking for nextafter in -lm
configure:12763: gcc -o conftest    -I.. -O2 -Wall -Wconversion  -I/home/cyx/proyectos/ibex/ibex-lib/__build__/3rd/include   conftest.c -lm   >&5
conftest.c:44:6: warning: conflicting types for built-in function 'nextafter'; expected 'double(double,  double)' [-Wbuiltin-declaration-mismatch]
   44 | char nextafter ();
      |      ^~~~~~~~~
conftest.c:1:1: note: 'nextafter' is declared in header '<math.h>'
    1 | /* confdefs.h */
configure:12763: $? = 0
configure:12772: result: yes
configure:12797: checking for pdflatex
configure:12825: result: no
configure:12834: WARNING: "****************************************************"
configure:12836: WARNING: "No tool to compile a LaTeX file into a PDF file found"
configure:12838: WARNING: "You will not be able to re-create the PDF documentation"
configure:12840: WARNING: "****************************************************"
configure:12845: checking for bibtex
configure:12873: result: no
configure:12883: checking for makeindex
configure:12911: result: no
configure:12922: checking for makeidx
configure:12950: result: no
configure:12973: checking for doxygen
configure:13001: result: no
configure:13010: WARNING: "****************************************************"
configure:13012: WARNING: "'doxygen' not found:                                "
configure:13014: WARNING: "You will not be able to create html documentation   "
configure:13016: WARNING: "****************************************************"
configure:13029: checking for dot
configure:13057: result: no
configure:13066: WARNING: "******************************************************"
configure:13068: WARNING: "'dot' not found:                                      "
configure:13070: WARNING: "You will not be able to create full html documentation"
configure:13072: WARNING: "You should consider installing the GraphViz package   "
configure:13074: WARNING: "                           http://www.graphviz.org/   "
configure:13076: WARNING: "******************************************************"
configure:13082: checking for ANSI C header files
configure:13186: result: yes
configure:13197: checking fenv.h usability
configure:13197: gcc -c    -I.. -O2 -Wall -Wconversion  -I/home/cyx/proyectos/ibex/ibex-lib/__build__/3rd/include conftest.c >&5
configure:13197: $? = 0
configure:13197: result: yes
configure:13197: checking fenv.h presence
configure:13197: gcc -E  -I/home/cyx/proyectos/ibex/ibex-lib/__build__/3rd/include conftest.c
configure:13197: $? = 0
configure:13197: result: yes
configure:13197: checking for fenv.h
configure:13197: result: yes
configure:13197: checking float.h usability
configure:13197: gcc -c    -I.. -O2 -Wall -Wconversion  -I/home/cyx/proyectos/ibex/ibex-lib/__build__/3rd/include conftest.c >&5
configure:13197: $? = 0
configure:13197: result: yes
configure:13197: checking float.h presence
configure:13197: gcc -E  -I/home/cyx/proyectos/ibex/ibex-lib/__build__/3rd/include conftest.c
configure:13197: $? = 0
configure:13197: result: yes
configure:13197: checking for float.h
configure:13197: result: yes
configure:13197: checking stddef.h usability
configure:13197: gcc -c    -I.. -O2 -Wall -Wconversion  -I/home/cyx/proyectos/ibex/ibex-lib/__build__/3rd/include conftest.c >&5
configure:13197: $? = 0
configure:13197: result: yes
configure:13197: checking stddef.h presence
configure:13197: gcc -E  -I/home/cyx/proyectos/ibex/ibex-lib/__build__/3rd/include conftest.c
configure:13197: $? = 0
configure:13197: result: yes
configure:13197: checking for stddef.h
configure:13197: result: yes
configure:13197: checking for stdlib.h
configure:13197: result: yes
configure:13197: checking for string.h
configure:13197: result: yes
configure:13197: checking sys/time.h usability
configure:13197: gcc -c    -I.. -O2 -Wall -Wconversion  -I/home/cyx/proyectos/ibex/ibex-lib/__build__/3rd/include conftest.c >&5
configure:13197: $? = 0
configure:13197: result: yes
configure:13197: checking sys/time.h presence
configure:13197: gcc -E  -I/home/cyx/proyectos/ibex/ibex-lib/__build__/3rd/include conftest.c
configure:13197: $? = 0
configure:13197: result: yes
configure:13197: checking for sys/time.h
configure:13197: result: yes
configure:13197: checking for unistd.h
configure:13197: result: yes
configure:13218: checking limits usability
configure:13218: g++ -c    -I.. -msse2 -msse3 -L/home/cyx/proyectos/ibex/ibex-lib/__build__/3rd/lib -O3 -funroll-loops -fomit-frame-pointer -fexpensive-optimizations -fvisibility-inlines-hidden -fvisibility=hidden -Wall -Wconversion   -I/home/cyx/proyectos/ibex/ibex-lib/__build__/3rd/include conftest.cpp >&5
configure:13218: $? = 0
configure:13218: result: yes
configure:13218: checking limits presence
configure:13218: g++ -E  -I/home/cyx/proyectos/ibex/ibex-lib/__build__/3rd/include conftest.cpp
configure:13218: $? = 0
configure:13218: result: yes
configure:13218: checking for limits
configure:13218: result: yes
configure:13218: checking cassert usability
configure:13218: g++ -c    -I.. -msse2 -msse3 -L/home/cyx/proyectos/ibex/ibex-lib/__build__/3rd/lib -O3 -funroll-loops -fomit-frame-pointer -fexpensive-optimizations -fvisibility-inlines-hidden -fvisibility=hidden -Wall -Wconversion   -I/home/cyx/proyectos/ibex/ibex-lib/__build__/3rd/include conftest.cpp >&5
configure:13218: $? = 0
configure:13218: result: yes
configure:13218: checking cassert presence
configure:13218: g++ -E  -I/home/cyx/proyectos/ibex/ibex-lib/__build__/3rd/include conftest.cpp
configure:13218: $? = 0
configure:13218: result: yes
configure:13218: checking for cassert
configure:13218: result: yes
configure:13231: checking for stdbool.h that conforms to C99
configure:13298: g++ -c    -I.. -msse2 -msse3 -L/home/cyx/proyectos/ibex/ibex-lib/__build__/3rd/lib -O3 -funroll-loops -fomit-frame-pointer -fexpensive-optimizations -fvisibility-inlines-hidden -fvisibility=hidden -Wall -Wconversion   -I/home/cyx/proyectos/ibex/ibex-lib/__build__/3rd/include conftest.cpp >&5
conftest.cpp:51:15: error: expected unqualified-id before string constant
   51 |               "error: bool is not defined"
      |               ^~~~~~~~~~~~~~~~~~~~~~~~~~~~
conftest.cpp:69:48: error: 's' does not name a type
   69 |              struct s { _Bool s: 1; _Bool t; } s;
      |                                                ^
conftest.cpp:79:28: error: 's' was not declared in this scope
   79 |              char i[sizeof s.t];
      |                            ^
conftest.cpp: In function 'int main()':
conftest.cpp:97:24: error: 's' was not declared in this scope
   97 |              bool e = &s;
      |                        ^
conftest.cpp:101:63: error: 'i' was not declared in this scope
  101 |              return (!a + !b + !c + !d + !e + !f + !g + !h + !i + !!j + !k + !!l
      |                                                               ^
conftest.cpp:102:25: warning: enum constant in boolean context [-Wint-in-bool-context]
  102 |                      + !m + !n + !o + !p + !q + !pq);
      |                         ^
configure:13298: $? = 1
configure: failed program was:
| /* confdefs.h */
| #define PACKAGE_NAME "gaol"
| #define PACKAGE_TARNAME "gaol"
| #define PACKAGE_VERSION ""4.2.0""
| #define PACKAGE_STRING "gaol "4.2.0""
| #define PACKAGE_BUGREPORT "goualard@users.sourceforge.net"
| #define PACKAGE_URL ""
| #define PACKAGE "gaol"
| #define VERSION ""4.2.0""
| #define GAOL_MAJOR_VERSION 4
| #define GAOL_MINOR_VERSION 2
| #define GAOL_MICRO_VERSION 0
| #define GAOL_VERSION "4.2.0"
| #define STDC_HEADERS 1
| #define HAVE_SYS_TYPES_H 1
| #define HAVE_SYS_STAT_H 1
| #define HAVE_STDLIB_H 1
| #define HAVE_STRING_H 1
| #define HAVE_MEMORY_H 1
| #define HAVE_STRINGS_H 1
| #define HAVE_INTTYPES_H 1
| #define HAVE_STDINT_H 1
| #define HAVE_UNISTD_H 1
| #define HAVE_DLFCN_H 1
| #define LT_OBJDIR ".libs/"
| #define USING_SSE2_INSTRUCTIONS 1
| #define USING_SSE3_INSTRUCTIONS 1
| #define HAVE_MATHLIB_H 1
| #define GAOL_USING_APMATHLIB 1
| #define HAVE_VISIBILITY_OPTIONS 1
| #define GAOL_CERTAINLY_RELATIONS 1
| #define GAOL_EXCEPTIONS_ENABLED 1
| #define GAOL_USING_ASM 1
| #define IX86_LINUX 1
| #define X86_64BITS 1
| #define HAVE_NEXTAFTER 1
| #define STDC_HEADERS 1
| #define HAVE_FENV_H 1
| #define HAVE_FLOAT_H 1
| #define HAVE_STDDEF_H 1
| #define HAVE_STDLIB_H 1
| #define HAVE_STRING_H 1
| #define HAVE_SYS_TIME_H 1
| #define HAVE_UNISTD_H 1
| #define HAVE_LIMITS 1
| #define HAVE_CASSERT 1
| /* end confdefs.h.  */
| 
|              #include <stdbool.h>
|              #ifndef bool
|               "error: bool is not defined"
|              #endif
|              #ifndef false
|               "error: false is not defined"
|              #endif
|              #if false
|               "error: false is not 0"
|              #endif
|              #ifndef true
|               "error: true is not defined"
|              #endif
|              #if true != 1
|               "error: true is not 1"
|              #endif
|              #ifndef __bool_true_false_are_defined
|               "error: __bool_true_false_are_defined is not defined"
|              #endif
| 
|              struct s { _Bool s: 1; _Bool t; } s;
| 
|              char a[true == 1 ? 1 : -1];
|              char b[false == 0 ? 1 : -1];
|              char c[__bool_true_false_are_defined == 1 ? 1 : -1];
|              char d[(bool) 0.5 == true ? 1 : -1];
|              /* See body of main program for 'e'.  */
|              char f[(_Bool) 0.0 == false ? 1 : -1];
|              char g[true];
|              char h[sizeof (_Bool)];
|              char i[sizeof s.t];
|              enum { j = false, k = true, l = false * true, m = true * 256 };
|              /* The following fails for
|                 HP aC++/ANSI C B3910B A.05.55 [Dec 04 2003]. */
|              _Bool n[m];
|              char o[sizeof n == m * sizeof n[0] ? 1 : -1];
|              char p[-1 - (_Bool) 0 < 0 && -1 - (bool) 0 < 0 ? 1 : -1];
|              /* Catch a bug in an HP-UX C compiler.  See
|                 http://gcc.gnu.org/ml/gcc-patches/2003-12/msg02303.html
|                 http://lists.gnu.org/archive/html/bug-coreutils/2005-11/msg00161.html
|               */
|              _Bool q = true;
|              _Bool *pq = &q;
| 
| int
| main ()
| {
| 
|              bool e = &s;
|              *pq |= q;
|              *pq |= ! q;
|              /* Refer to every declared value, to avoid compiler optimizations.  */
|              return (!a + !b + !c + !d + !e + !f + !g + !h + !i + !!j + !k + !!l
|                      + !m + !n + !o + !p + !q + !pq);
| 
|   ;
|   return 0;
| }
configure:13305: result: no
configure:13307: checking for _Bool
configure:13307: g++ -c    -I.. -msse2 -msse3 -L/home/cyx/proyectos/ibex/ibex-lib/__build__/3rd/lib -O3 -funroll-loops -fomit-frame-pointer -fexpensive-optimizations -fvisibility-inlines-hidden -fvisibility=hidden -Wall -Wconversion   -I/home/cyx/proyectos/ibex/ibex-lib/__build__/3rd/include conftest.cpp >&5
conftest.cpp: In function 'int main()':
conftest.cpp:84:13: error: '_Bool' was not declared in this scope
   84 | if (sizeof (_Bool))
      |             ^~~~~
configure:13307: $? = 1
configure: failed program was:
| /* confdefs.h */
| #define PACKAGE_NAME "gaol"
| #define PACKAGE_TARNAME "gaol"
| #define PACKAGE_VERSION ""4.2.0""
| #define PACKAGE_STRING "gaol "4.2.0""
| #define PACKAGE_BUGREPORT "goualard@users.sourceforge.net"
| #define PACKAGE_URL ""
| #define PACKAGE "gaol"
| #define VERSION ""4.2.0""
| #define GAOL_MAJOR_VERSION 4
| #define GAOL_MINOR_VERSION 2
| #define GAOL_MICRO_VERSION 0
| #define GAOL_VERSION "4.2.0"
| #define STDC_HEADERS 1
| #define HAVE_SYS_TYPES_H 1
| #define HAVE_SYS_STAT_H 1
| #define HAVE_STDLIB_H 1
| #define HAVE_STRING_H 1
| #define HAVE_MEMORY_H 1
| #define HAVE_STRINGS_H 1
| #define HAVE_INTTYPES_H 1
| #define HAVE_STDINT_H 1
| #define HAVE_UNISTD_H 1
| #define HAVE_DLFCN_H 1
| #define LT_OBJDIR ".libs/"
| #define USING_SSE2_INSTRUCTIONS 1
| #define USING_SSE3_INSTRUCTIONS 1
| #define HAVE_MATHLIB_H 1
| #define GAOL_USING_APMATHLIB 1
| #define HAVE_VISIBILITY_OPTIONS 1
| #define GAOL_CERTAINLY_RELATIONS 1
| #define GAOL_EXCEPTIONS_ENABLED 1
| #define GAOL_USING_ASM 1
| #define IX86_LINUX 1
| #define X86_64BITS 1
| #define HAVE_NEXTAFTER 1
| #define STDC_HEADERS 1
| #define HAVE_FENV_H 1
| #define HAVE_FLOAT_H 1
| #define HAVE_STDDEF_H 1
| #define HAVE_STDLIB_H 1
| #define HAVE_STRING_H 1
| #define HAVE_SYS_TIME_H 1
| #define HAVE_UNISTD_H 1
| #define HAVE_LIMITS 1
| #define HAVE_CASSERT 1
| /* end confdefs.h.  */
| #include <stdio.h>
| #ifdef HAVE_SYS_TYPES_H
| # include <sys/types.h>
| #endif
| #ifdef HAVE_SYS_STAT_H
| # include <sys/stat.h>
| #endif
| #ifdef STDC_HEADERS
| # include <stdlib.h>
| # include <stddef.h>
| #else
| # ifdef HAVE_STDLIB_H
| #  include <stdlib.h>
| # endif
| #endif
| #ifdef HAVE_STRING_H
| # if !defined STDC_HEADERS && defined HAVE_MEMORY_H
| #  include <memory.h>
| # endif
| # include <string.h>
| #endif
| #ifdef HAVE_STRINGS_H
| # include <strings.h>
| #endif
| #ifdef HAVE_INTTYPES_H
| # include <inttypes.h>
| #endif
| #ifdef HAVE_STDINT_H
| # include <stdint.h>
| #endif
| #ifdef HAVE_UNISTD_H
| # include <unistd.h>
| #endif
| int
| main ()
| {
| if (sizeof (_Bool))
| 	 return 0;
|   ;
|   return 0;
| }
configure:13307: result: no
configure:13324: checking for an ANSI C-conforming const
configure:13390: g++ -c    -I.. -msse2 -msse3 -L/home/cyx/proyectos/ibex/ibex-lib/__build__/3rd/lib -O3 -funroll-loops -fomit-frame-pointer -fexpensive-optimizations -fvisibility-inlines-hidden -fvisibility=hidden -Wall -Wconversion   -I/home/cyx/proyectos/ibex/ibex-lib/__build__/3rd/include conftest.cpp >&5
configure:13390: $? = 0
configure:13397: result: yes
configure:13405: checking for inline
configure:13421: g++ -c    -I.. -msse2 -msse3 -L/home/cyx/proyectos/ibex/ibex-lib/__build__/3rd/lib -O3 -funroll-loops -fomit-frame-pointer -fexpensive-optimizations -fvisibility-inlines-hidden -fvisibility=hidden -Wall -Wconversion   -I/home/cyx/proyectos/ibex/ibex-lib/__build__/3rd/include conftest.cpp >&5
configure:13421: $? = 0
configure:13429: result: inline
configure:13447: checking for size_t
configure:13447: g++ -c    -I.. -msse2 -msse3 -L/home/cyx/proyectos/ibex/ibex-lib/__build__/3rd/lib -O3 -funroll-loops -fomit-frame-pointer -fexpensive-optimizations -fvisibility-inlines-hidden -fvisibility=hidden -Wall -Wconversion   -I/home/cyx/proyectos/ibex/ibex-lib/__build__/3rd/include conftest.cpp >&5
configure:13447: $? = 0
configure:13447: g++ -c    -I.. -msse2 -msse3 -L/home/cyx/proyectos/ibex/ibex-lib/__build__/3rd/lib -O3 -funroll-loops -fomit-frame-pointer -fexpensive-optimizations -fvisibility-inlines-hidden -fvisibility=hidden -Wall -Wconversion   -I/home/cyx/proyectos/ibex/ibex-lib/__build__/3rd/include conftest.cpp >&5
conftest.cpp: In function 'int main()':
conftest.cpp:84:20: error: expected primary-expression before ')' token
   84 | if (sizeof ((size_t)))
      |                    ^
configure:13447: $? = 1
configure: failed program was:
| /* confdefs.h */
| #define PACKAGE_NAME "gaol"
| #define PACKAGE_TARNAME "gaol"
| #define PACKAGE_VERSION ""4.2.0""
| #define PACKAGE_STRING "gaol "4.2.0""
| #define PACKAGE_BUGREPORT "goualard@users.sourceforge.net"
| #define PACKAGE_URL ""
| #define PACKAGE "gaol"
| #define VERSION ""4.2.0""
| #define GAOL_MAJOR_VERSION 4
| #define GAOL_MINOR_VERSION 2
| #define GAOL_MICRO_VERSION 0
| #define GAOL_VERSION "4.2.0"
| #define STDC_HEADERS 1
| #define HAVE_SYS_TYPES_H 1
| #define HAVE_SYS_STAT_H 1
| #define HAVE_STDLIB_H 1
| #define HAVE_STRING_H 1
| #define HAVE_MEMORY_H 1
| #define HAVE_STRINGS_H 1
| #define HAVE_INTTYPES_H 1
| #define HAVE_STDINT_H 1
| #define HAVE_UNISTD_H 1
| #define HAVE_DLFCN_H 1
| #define LT_OBJDIR ".libs/"
| #define USING_SSE2_INSTRUCTIONS 1
| #define USING_SSE3_INSTRUCTIONS 1
| #define HAVE_MATHLIB_H 1
| #define GAOL_USING_APMATHLIB 1
| #define HAVE_VISIBILITY_OPTIONS 1
| #define GAOL_CERTAINLY_RELATIONS 1
| #define GAOL_EXCEPTIONS_ENABLED 1
| #define GAOL_USING_ASM 1
| #define IX86_LINUX 1
| #define X86_64BITS 1
| #define HAVE_NEXTAFTER 1
| #define STDC_HEADERS 1
| #define HAVE_FENV_H 1
| #define HAVE_FLOAT_H 1
| #define HAVE_STDDEF_H 1
| #define HAVE_STDLIB_H 1
| #define HAVE_STRING_H 1
| #define HAVE_SYS_TIME_H 1
| #define HAVE_UNISTD_H 1
| #define HAVE_LIMITS 1
| #define HAVE_CASSERT 1
| /* end confdefs.h.  */
| #include <stdio.h>
| #ifdef HAVE_SYS_TYPES_H
| # include <sys/types.h>
| #endif
| #ifdef HAVE_SYS_STAT_H
| # include <sys/stat.h>
| #endif
| #ifdef STDC_HEADERS
| # include <stdlib.h>
| # include <stddef.h>
| #else
| # ifdef HAVE_STDLIB_H
| #  include <stdlib.h>
| # endif
| #endif
| #ifdef HAVE_STRING_H
| # if !defined STDC_HEADERS && defined HAVE_MEMORY_H
| #  include <memory.h>
| # endif
| # include <string.h>
| #endif
| #ifdef HAVE_STRINGS_H
| # include <strings.h>
| #endif
| #ifdef HAVE_INTTYPES_H
| # include <inttypes.h>
| #endif
| #ifdef HAVE_STDINT_H
| # include <stdint.h>
| #endif
| #ifdef HAVE_UNISTD_H
| # include <unistd.h>
| #endif
| int
| main ()
| {
| if (sizeof ((size_t)))
| 	    return 0;
|   ;
|   return 0;
| }
configure:13447: result: yes
configure:13459: checking whether byte ordering is bigendian
configure:13474: g++ -c    -I.. -msse2 -msse3 -L/home/cyx/proyectos/ibex/ibex-lib/__build__/3rd/lib -O3 -funroll-loops -fomit-frame-pointer -fexpensive-optimizations -fvisibility-inlines-hidden -fvisibility=hidden -Wall -Wconversion   -I/home/cyx/proyectos/ibex/ibex-lib/__build__/3rd/include conftest.cpp >&5
conftest.cpp:49:9: error: expected unqualified-id before 'not' token
   49 |         not a universal capable compiler
      |         ^~~
configure:13474: $? = 1
configure: failed program was:
| /* confdefs.h */
| #define PACKAGE_NAME "gaol"
| #define PACKAGE_TARNAME "gaol"
| #define PACKAGE_VERSION ""4.2.0""
| #define PACKAGE_STRING "gaol "4.2.0""
| #define PACKAGE_BUGREPORT "goualard@users.sourceforge.net"
| #define PACKAGE_URL ""
| #define PACKAGE "gaol"
| #define VERSION ""4.2.0""
| #define GAOL_MAJOR_VERSION 4
| #define GAOL_MINOR_VERSION 2
| #define GAOL_MICRO_VERSION 0
| #define GAOL_VERSION "4.2.0"
| #define STDC_HEADERS 1
| #define HAVE_SYS_TYPES_H 1
| #define HAVE_SYS_STAT_H 1
| #define HAVE_STDLIB_H 1
| #define HAVE_STRING_H 1
| #define HAVE_MEMORY_H 1
| #define HAVE_STRINGS_H 1
| #define HAVE_INTTYPES_H 1
| #define HAVE_STDINT_H 1
| #define HAVE_UNISTD_H 1
| #define HAVE_DLFCN_H 1
| #define LT_OBJDIR ".libs/"
| #define USING_SSE2_INSTRUCTIONS 1
| #define USING_SSE3_INSTRUCTIONS 1
| #define HAVE_MATHLIB_H 1
| #define GAOL_USING_APMATHLIB 1
| #define HAVE_VISIBILITY_OPTIONS 1
| #define GAOL_CERTAINLY_RELATIONS 1
| #define GAOL_EXCEPTIONS_ENABLED 1
| #define GAOL_USING_ASM 1
| #define IX86_LINUX 1
| #define X86_64BITS 1
| #define HAVE_NEXTAFTER 1
| #define STDC_HEADERS 1
| #define HAVE_FENV_H 1
| #define HAVE_FLOAT_H 1
| #define HAVE_STDDEF_H 1
| #define HAVE_STDLIB_H 1
| #define HAVE_STRING_H 1
| #define HAVE_SYS_TIME_H 1
| #define HAVE_UNISTD_H 1
| #define HAVE_LIMITS 1
| #define HAVE_CASSERT 1
| /* end confdefs.h.  */
| #ifndef __APPLE_CC__
| 	       not a universal capable compiler
| 	     #endif
| 	     typedef int dummy;
| 
configure:13519: g++ -c    -I.. -msse2 -msse3 -L/home/cyx/proyectos/ibex/ibex-lib/__build__/3rd/lib -O3 -funroll-loops -fomit-frame-pointer -fexpensive-optimizations -fvisibility-inlines-hidden -fvisibility=hidden -Wall -Wconversion   -I/home/cyx/proyectos/ibex/ibex-lib/__build__/3rd/include conftest.cpp >&5
configure:13519: $? = 0
configure:13537: g++ -c    -I.. -msse2 -msse3 -L/home/cyx/proyectos/ibex/ibex-lib/__build__/3rd/lib -O3 -funroll-loops -fomit-frame-pointer -fexpensive-optimizations -fvisibility-inlines-hidden -fvisibility=hidden -Wall -Wconversion   -I/home/cyx/proyectos/ibex/ibex-lib/__build__/3rd/include conftest.cpp >&5
conftest.cpp: In function 'int main()':
conftest.cpp:55:8: error: 'big' was not declared in this scope
   55 |    not big endian
      |        ^~~
configure:13537: $? = 1
configure: failed program was:
| /* confdefs.h */
| #define PACKAGE_NAME "gaol"
| #define PACKAGE_TARNAME "gaol"
| #define PACKAGE_VERSION ""4.2.0""
| #define PACKAGE_STRING "gaol "4.2.0""
| #define PACKAGE_BUGREPORT "goualard@users.sourceforge.net"
| #define PACKAGE_URL ""
| #define PACKAGE "gaol"
| #define VERSION ""4.2.0""
| #define GAOL_MAJOR_VERSION 4
| #define GAOL_MINOR_VERSION 2
| #define GAOL_MICRO_VERSION 0
| #define GAOL_VERSION "4.2.0"
| #define STDC_HEADERS 1
| #define HAVE_SYS_TYPES_H 1
| #define HAVE_SYS_STAT_H 1
| #define HAVE_STDLIB_H 1
| #define HAVE_STRING_H 1
| #define HAVE_MEMORY_H 1
| #define HAVE_STRINGS_H 1
| #define HAVE_INTTYPES_H 1
| #define HAVE_STDINT_H 1
| #define HAVE_UNISTD_H 1
| #define HAVE_DLFCN_H 1
| #define LT_OBJDIR ".libs/"
| #define USING_SSE2_INSTRUCTIONS 1
| #define USING_SSE3_INSTRUCTIONS 1
| #define HAVE_MATHLIB_H 1
| #define GAOL_USING_APMATHLIB 1
| #define HAVE_VISIBILITY_OPTIONS 1
| #define GAOL_CERTAINLY_RELATIONS 1
| #define GAOL_EXCEPTIONS_ENABLED 1
| #define GAOL_USING_ASM 1
| #define IX86_LINUX 1
| #define X86_64BITS 1
| #define HAVE_NEXTAFTER 1
| #define STDC_HEADERS 1
| #define HAVE_FENV_H 1
| #define HAVE_FLOAT_H 1
| #define HAVE_STDDEF_H 1
| #define HAVE_STDLIB_H 1
| #define HAVE_STRING_H 1
| #define HAVE_SYS_TIME_H 1
| #define HAVE_UNISTD_H 1
| #define HAVE_LIMITS 1
| #define HAVE_CASSERT 1
| /* end confdefs.h.  */
| #include <sys/types.h>
| 		#include <sys/param.h>
| 
| int
| main ()
| {
| #if BYTE_ORDER != BIG_ENDIAN
| 		 not big endian
| 		#endif
| 
|   ;
|   return 0;
| }
configure:13665: result: no
configure:13687: checking size of int
configure:13692: g++ -o conftest    -I.. -msse2 -msse3 -L/home/cyx/proyectos/ibex/ibex-lib/__build__/3rd/lib -O3 -funroll-loops -fomit-frame-pointer -fexpensive-optimizations -fvisibility-inlines-hidden -fvisibility=hidden -Wall -Wconversion   -I/home/cyx/proyectos/ibex/ibex-lib/__build__/3rd/include   conftest.cpp  >&5
configure:13692: $? = 0
configure:13692: ./conftest
configure:13692: $? = 0
configure:13706: result: 4
configure:13720: checking size of long
configure:13725: g++ -o conftest    -I.. -msse2 -msse3 -L/home/cyx/proyectos/ibex/ibex-lib/__build__/3rd/lib -O3 -funroll-loops -fomit-frame-pointer -fexpensive-optimizations -fvisibility-inlines-hidden -fvisibility=hidden -Wall -Wconversion   -I/home/cyx/proyectos/ibex/ibex-lib/__build__/3rd/include   conftest.cpp  >&5
configure:13725: $? = 0
configure:13725: ./conftest
configure:13725: $? = 0
configure:13739: result: 8
configure:13753: checking size of long long int
configure:13758: g++ -o conftest    -I.. -msse2 -msse3 -L/home/cyx/proyectos/ibex/ibex-lib/__build__/3rd/lib -O3 -funroll-loops -fomit-frame-pointer -fexpensive-optimizations -fvisibility-inlines-hidden -fvisibility=hidden -Wall -Wconversion   -I/home/cyx/proyectos/ibex/ibex-lib/__build__/3rd/include   conftest.cpp  >&5
configure:13758: $? = 0
configure:13758: ./conftest
configure:13758: $? = 0
configure:13772: result: 8
configure:13794: checking whether the C++ compiler accepts -frounding-math
configure:13807: g++ -c -frounding-math  -I/home/cyx/proyectos/ibex/ibex-lib/__build__/3rd/include conftest.cpp >&5
configure:13807: $? = 0
configure:13813: result: yes
configure:13834: checking for stdlib.h
configure:13834: result: yes
configure:13844: checking for GNU libc compatible malloc
configure:13868: gcc -o conftest    -I.. -O2 -Wall -Wconversion  -I/home/cyx/proyectos/ibex/ibex-lib/__build__/3rd/include   conftest.c  >&5
configure:13868: $? = 0
configure:13868: ./conftest
configure:13868: $? = 0
configure:13878: result: yes
configure:13901: checking for stdlib.h
configure:13901: result: yes
configure:13911: checking for GNU libc compatible realloc
configure:13935: gcc -o conftest    -I.. -O2 -Wall -Wconversion  -I/home/cyx/proyectos/ibex/ibex-lib/__build__/3rd/include   conftest.c  >&5
configure:13935: $? = 0
configure:13935: ./conftest
configure:13935: $? = 0
configure:13945: result: yes
configure:13969: checking for fesetround
configure:13969: gcc -o conftest    -I.. -O2 -Wall -Wconversion  -I/home/cyx/proyectos/ibex/ibex-lib/__build__/3rd/include   conftest.c  >&5
conftest.c:79:6: warning: conflicting types for built-in function 'fesetround'; expected 'int(int)' [-Wbuiltin-declaration-mismatch]
   79 | char fesetround ();
      |      ^~~~~~~~~~
/usr/bin/ld: /tmp/ccU8OlLo.o: in function `main':
conftest.c:(.text.startup+0xb): undefined reference to `fesetround'
collect2: error: ld returned 1 exit status
configure:13969: $? = 1
configure: failed program was:
| /* confdefs.h */
| #define PACKAGE_NAME "gaol"
| #define PACKAGE_TARNAME "gaol"
| #define PACKAGE_VERSION ""4.2.0""
| #define PACKAGE_STRING "gaol "4.2.0""
| #define PACKAGE_BUGREPORT "goualard@users.sourceforge.net"
| #define PACKAGE_URL ""
| #define PACKAGE "gaol"
| #define VERSION ""4.2.0""
| #define GAOL_MAJOR_VERSION 4
| #define GAOL_MINOR_VERSION 2
| #define GAOL_MICRO_VERSION 0
| #define GAOL_VERSION "4.2.0"
| #define STDC_HEADERS 1
| #define HAVE_SYS_TYPES_H 1
| #define HAVE_SYS_STAT_H 1
| #define HAVE_STDLIB_H 1
| #define HAVE_STRING_H 1
| #define HAVE_MEMORY_H 1
| #define HAVE_STRINGS_H 1
| #define HAVE_INTTYPES_H 1
| #define HAVE_STDINT_H 1
| #define HAVE_UNISTD_H 1
| #define HAVE_DLFCN_H 1
| #define LT_OBJDIR ".libs/"
| #define USING_SSE2_INSTRUCTIONS 1
| #define USING_SSE3_INSTRUCTIONS 1
| #define HAVE_MATHLIB_H 1
| #define GAOL_USING_APMATHLIB 1
| #define HAVE_VISIBILITY_OPTIONS 1
| #define GAOL_CERTAINLY_RELATIONS 1
| #define GAOL_EXCEPTIONS_ENABLED 1
| #define GAOL_USING_ASM 1
| #define IX86_LINUX 1
| #define X86_64BITS 1
| #define HAVE_NEXTAFTER 1
| #define STDC_HEADERS 1
| #define HAVE_FENV_H 1
| #define HAVE_FLOAT_H 1
| #define HAVE_STDDEF_H 1
| #define HAVE_STDLIB_H 1
| #define HAVE_STRING_H 1
| #define HAVE_SYS_TIME_H 1
| #define HAVE_UNISTD_H 1
| #define HAVE_LIMITS 1
| #define HAVE_CASSERT 1
| #define SIZEOF_INT 4
| #define SIZEOF_LONG 8
| #define SIZEOF_LONG_LONG_INT 8
| #define HAVE_ROUNDING_MATH_OPTION 1
| #define HAVE_STDLIB_H 1
| #define HAVE_MALLOC 1
| #define HAVE_STDLIB_H 1
| #define HAVE_REALLOC 1
| /* end confdefs.h.  */
| /* Define fesetround to an innocuous variant, in case <limits.h> declares fesetround.
|    For example, HP-UX 11i <limits.h> declares gettimeofday.  */
| #define fesetround innocuous_fesetround
| 
| /* System header to define __stub macros and hopefully few prototypes,
|     which can conflict with char fesetround (); below.
|     Prefer <limits.h> to <assert.h> if __STDC__ is defined, since
|     <limits.h> exists even on freestanding compilers.  */
| 
| #ifdef __STDC__
| # include <limits.h>
| #else
| # include <assert.h>
| #endif
| 
| #undef fesetround
| 
| /* Override any GCC internal prototype to avoid an error.
|    Use char because int might match the return type of a GCC
|    builtin and then its argument prototype would still apply.  */
| #ifdef __cplusplus
| extern "C"
| #endif
| char fesetround ();
| /* The GNU C library defines this for functions which it implements
|     to always fail with ENOSYS.  Some functions are actually named
|     something starting with __ and the normal name is an alias.  */
| #if defined __stub_fesetround || defined __stub___fesetround
| choke me
| #endif
| 
| int
| main ()
| {
| return fesetround ();
|   ;
|   return 0;
| }
configure:13969: result: no
configure:13969: checking for floor
configure:13969: gcc -o conftest    -I.. -O2 -Wall -Wconversion  -I/home/cyx/proyectos/ibex/ibex-lib/__build__/3rd/include   conftest.c  >&5
conftest.c:79:6: warning: conflicting types for built-in function 'floor'; expected 'double(double)' [-Wbuiltin-declaration-mismatch]
   79 | char floor ();
      |      ^~~~~
conftest.c:67:1: note: 'floor' is declared in header '<math.h>'
   66 | # include <limits.h>
   67 | #else
/usr/bin/ld: /tmp/ccUbTr5I.o: in function `main':
conftest.c:(.text.startup+0xb): undefined reference to `floor'
collect2: error: ld returned 1 exit status
configure:13969: $? = 1
configure: failed program was:
| /* confdefs.h */
| #define PACKAGE_NAME "gaol"
| #define PACKAGE_TARNAME "gaol"
| #define PACKAGE_VERSION ""4.2.0""
| #define PACKAGE_STRING "gaol "4.2.0""
| #define PACKAGE_BUGREPORT "goualard@users.sourceforge.net"
| #define PACKAGE_URL ""
| #define PACKAGE "gaol"
| #define VERSION ""4.2.0""
| #define GAOL_MAJOR_VERSION 4
| #define GAOL_MINOR_VERSION 2
| #define GAOL_MICRO_VERSION 0
| #define GAOL_VERSION "4.2.0"
| #define STDC_HEADERS 1
| #define HAVE_SYS_TYPES_H 1
| #define HAVE_SYS_STAT_H 1
| #define HAVE_STDLIB_H 1
| #define HAVE_STRING_H 1
| #define HAVE_MEMORY_H 1
| #define HAVE_STRINGS_H 1
| #define HAVE_INTTYPES_H 1
| #define HAVE_STDINT_H 1
| #define HAVE_UNISTD_H 1
| #define HAVE_DLFCN_H 1
| #define LT_OBJDIR ".libs/"
| #define USING_SSE2_INSTRUCTIONS 1
| #define USING_SSE3_INSTRUCTIONS 1
| #define HAVE_MATHLIB_H 1
| #define GAOL_USING_APMATHLIB 1
| #define HAVE_VISIBILITY_OPTIONS 1
| #define GAOL_CERTAINLY_RELATIONS 1
| #define GAOL_EXCEPTIONS_ENABLED 1
| #define GAOL_USING_ASM 1
| #define IX86_LINUX 1
| #define X86_64BITS 1
| #define HAVE_NEXTAFTER 1
| #define STDC_HEADERS 1
| #define HAVE_FENV_H 1
| #define HAVE_FLOAT_H 1
| #define HAVE_STDDEF_H 1
| #define HAVE_STDLIB_H 1
| #define HAVE_STRING_H 1
| #define HAVE_SYS_TIME_H 1
| #define HAVE_UNISTD_H 1
| #define HAVE_LIMITS 1
| #define HAVE_CASSERT 1
| #define SIZEOF_INT 4
| #define SIZEOF_LONG 8
| #define SIZEOF_LONG_LONG_INT 8
| #define HAVE_ROUNDING_MATH_OPTION 1
| #define HAVE_STDLIB_H 1
| #define HAVE_MALLOC 1
| #define HAVE_STDLIB_H 1
| #define HAVE_REALLOC 1
| /* end confdefs.h.  */
| /* Define floor to an innocuous variant, in case <limits.h> declares floor.
|    For example, HP-UX 11i <limits.h> declares gettimeofday.  */
| #define floor innocuous_floor
| 
| /* System header to define __stub macros and hopefully few prototypes,
|     which can conflict with char floor (); below.
|     Prefer <limits.h> to <assert.h> if __STDC__ is defined, since
|     <limits.h> exists even on freestanding compilers.  */
| 
| #ifdef __STDC__
| # include <limits.h>
| #else
| # include <assert.h>
| #endif
| 
| #undef floor
| 
| /* Override any GCC internal prototype to avoid an error.
|    Use char because int might match the return type of a GCC
|    builtin and then its argument prototype would still apply.  */
| #ifdef __cplusplus
| extern "C"
| #endif
| char floor ();
| /* The GNU C library defines this for functions which it implements
|     to always fail with ENOSYS.  Some functions are actually named
|     something starting with __ and the normal name is an alias.  */
| #if defined __stub_floor || defined __stub___floor
| choke me
| #endif
| 
| int
| main ()
| {
| return floor ();
|   ;
|   return 0;
| }
configure:13969: result: no
configure:13969: checking for localeconv
configure:13969: gcc -o conftest    -I.. -O2 -Wall -Wconversion  -I/home/cyx/proyectos/ibex/ibex-lib/__build__/3rd/include   conftest.c  >&5
configure:13969: $? = 0
configure:13969: result: yes
configure:13969: checking for memset
configure:13969: gcc -o conftest    -I.. -O2 -Wall -Wconversion  -I/home/cyx/proyectos/ibex/ibex-lib/__build__/3rd/include   conftest.c  >&5
conftest.c:80:6: warning: conflicting types for built-in function 'memset'; expected 'void *(void *, int,  long unsigned int)' [-Wbuiltin-declaration-mismatch]
   80 | char memset ();
      |      ^~~~~~
conftest.c:68:1: note: 'memset' is declared in header '<string.h>'
   67 | # include <limits.h>
   68 | #else
configure:13969: $? = 0
configure:13969: result: yes
configure:13969: checking for pow
configure:13969: gcc -o conftest    -I.. -O2 -Wall -Wconversion  -I/home/cyx/proyectos/ibex/ibex-lib/__build__/3rd/include   conftest.c  >&5
conftest.c:81:6: warning: conflicting types for built-in function 'pow'; expected 'double(double,  double)' [-Wbuiltin-declaration-mismatch]
   81 | char pow ();
      |      ^~~
conftest.c:69:1: note: 'pow' is declared in header '<math.h>'
   68 | # include <limits.h>
   69 | #else
/usr/bin/ld: /tmp/cc15hsCe.o: in function `main':
conftest.c:(.text.startup+0xb): undefined reference to `pow'
collect2: error: ld returned 1 exit status
configure:13969: $? = 1
configure: failed program was:
| /* confdefs.h */
| #define PACKAGE_NAME "gaol"
| #define PACKAGE_TARNAME "gaol"
| #define PACKAGE_VERSION ""4.2.0""
| #define PACKAGE_STRING "gaol "4.2.0""
| #define PACKAGE_BUGREPORT "goualard@users.sourceforge.net"
| #define PACKAGE_URL ""
| #define PACKAGE "gaol"
| #define VERSION ""4.2.0""
| #define GAOL_MAJOR_VERSION 4
| #define GAOL_MINOR_VERSION 2
| #define GAOL_MICRO_VERSION 0
| #define GAOL_VERSION "4.2.0"
| #define STDC_HEADERS 1
| #define HAVE_SYS_TYPES_H 1
| #define HAVE_SYS_STAT_H 1
| #define HAVE_STDLIB_H 1
| #define HAVE_STRING_H 1
| #define HAVE_MEMORY_H 1
| #define HAVE_STRINGS_H 1
| #define HAVE_INTTYPES_H 1
| #define HAVE_STDINT_H 1
| #define HAVE_UNISTD_H 1
| #define HAVE_DLFCN_H 1
| #define LT_OBJDIR ".libs/"
| #define USING_SSE2_INSTRUCTIONS 1
| #define USING_SSE3_INSTRUCTIONS 1
| #define HAVE_MATHLIB_H 1
| #define GAOL_USING_APMATHLIB 1
| #define HAVE_VISIBILITY_OPTIONS 1
| #define GAOL_CERTAINLY_RELATIONS 1
| #define GAOL_EXCEPTIONS_ENABLED 1
| #define GAOL_USING_ASM 1
| #define IX86_LINUX 1
| #define X86_64BITS 1
| #define HAVE_NEXTAFTER 1
| #define STDC_HEADERS 1
| #define HAVE_FENV_H 1
| #define HAVE_FLOAT_H 1
| #define HAVE_STDDEF_H 1
| #define HAVE_STDLIB_H 1
| #define HAVE_STRING_H 1
| #define HAVE_SYS_TIME_H 1
| #define HAVE_UNISTD_H 1
| #define HAVE_LIMITS 1
| #define HAVE_CASSERT 1
| #define SIZEOF_INT 4
| #define SIZEOF_LONG 8
| #define SIZEOF_LONG_LONG_INT 8
| #define HAVE_ROUNDING_MATH_OPTION 1
| #define HAVE_STDLIB_H 1
| #define HAVE_MALLOC 1
| #define HAVE_STDLIB_H 1
| #define HAVE_REALLOC 1
| #define HAVE_LOCALECONV 1
| #define HAVE_MEMSET 1
| /* end confdefs.h.  */
| /* Define pow to an innocuous variant, in case <limits.h> declares pow.
|    For example, HP-UX 11i <limits.h> declares gettimeofday.  */
| #define pow innocuous_pow
| 
| /* System header to define __stub macros and hopefully few prototypes,
|     which can conflict with char pow (); below.
|     Prefer <limits.h> to <assert.h> if __STDC__ is defined, since
|     <limits.h> exists even on freestanding compilers.  */
| 
| #ifdef __STDC__
| # include <limits.h>
| #else
| # include <assert.h>
| #endif
| 
| #undef pow
| 
| /* Override any GCC internal prototype to avoid an error.
|    Use char because int might match the return type of a GCC
|    builtin and then its argument prototype would still apply.  */
| #ifdef __cplusplus
| extern "C"
| #endif
| char pow ();
| /* The GNU C library defines this for functions which it implements
|     to always fail with ENOSYS.  Some functions are actually named
|     something starting with __ and the normal name is an alias.  */
| #if defined __stub_pow || defined __stub___pow
| choke me
| #endif
| 
| int
| main ()
| {
| return pow ();
|   ;
|   return 0;
| }
configure:13969: result: no
configure:13969: checking for sqrt
configure:13969: gcc -o conftest    -I.. -O2 -Wall -Wconversion  -I/home/cyx/proyectos/ibex/ibex-lib/__build__/3rd/include   conftest.c  >&5
conftest.c:81:6: warning: conflicting types for built-in function 'sqrt'; expected 'double(double)' [-Wbuiltin-declaration-mismatch]
   81 | char sqrt ();
      |      ^~~~
conftest.c:69:1: note: 'sqrt' is declared in header '<math.h>'
   68 | # include <limits.h>
   69 | #else
/usr/bin/ld: /tmp/ccIgFqpA.o: in function `main':
conftest.c:(.text.startup+0xb): undefined reference to `sqrt'
collect2: error: ld returned 1 exit status
configure:13969: $? = 1
configure: failed program was:
| /* confdefs.h */
| #define PACKAGE_NAME "gaol"
| #define PACKAGE_TARNAME "gaol"
| #define PACKAGE_VERSION ""4.2.0""
| #define PACKAGE_STRING "gaol "4.2.0""
| #define PACKAGE_BUGREPORT "goualard@users.sourceforge.net"
| #define PACKAGE_URL ""
| #define PACKAGE "gaol"
| #define VERSION ""4.2.0""
| #define GAOL_MAJOR_VERSION 4
| #define GAOL_MINOR_VERSION 2
| #define GAOL_MICRO_VERSION 0
| #define GAOL_VERSION "4.2.0"
| #define STDC_HEADERS 1
| #define HAVE_SYS_TYPES_H 1
| #define HAVE_SYS_STAT_H 1
| #define HAVE_STDLIB_H 1
| #define HAVE_STRING_H 1
| #define HAVE_MEMORY_H 1
| #define HAVE_STRINGS_H 1
| #define HAVE_INTTYPES_H 1
| #define HAVE_STDINT_H 1
| #define HAVE_UNISTD_H 1
| #define HAVE_DLFCN_H 1
| #define LT_OBJDIR ".libs/"
| #define USING_SSE2_INSTRUCTIONS 1
| #define USING_SSE3_INSTRUCTIONS 1
| #define HAVE_MATHLIB_H 1
| #define GAOL_USING_APMATHLIB 1
| #define HAVE_VISIBILITY_OPTIONS 1
| #define GAOL_CERTAINLY_RELATIONS 1
| #define GAOL_EXCEPTIONS_ENABLED 1
| #define GAOL_USING_ASM 1
| #define IX86_LINUX 1
| #define X86_64BITS 1
| #define HAVE_NEXTAFTER 1
| #define STDC_HEADERS 1
| #define HAVE_FENV_H 1
| #define HAVE_FLOAT_H 1
| #define HAVE_STDDEF_H 1
| #define HAVE_STDLIB_H 1
| #define HAVE_STRING_H 1
| #define HAVE_SYS_TIME_H 1
| #define HAVE_UNISTD_H 1
| #define HAVE_LIMITS 1
| #define HAVE_CASSERT 1
| #define SIZEOF_INT 4
| #define SIZEOF_LONG 8
| #define SIZEOF_LONG_LONG_INT 8
| #define HAVE_ROUNDING_MATH_OPTION 1
| #define HAVE_STDLIB_H 1
| #define HAVE_MALLOC 1
| #define HAVE_STDLIB_H 1
| #define HAVE_REALLOC 1
| #define HAVE_LOCALECONV 1
| #define HAVE_MEMSET 1
| /* end confdefs.h.  */
| /* Define sqrt to an innocuous variant, in case <limits.h> declares sqrt.
|    For example, HP-UX 11i <limits.h> declares gettimeofday.  */
| #define sqrt innocuous_sqrt
| 
| /* System header to define __stub macros and hopefully few prototypes,
|     which can conflict with char sqrt (); below.
|     Prefer <limits.h> to <assert.h> if __STDC__ is defined, since
|     <limits.h> exists even on freestanding compilers.  */
| 
| #ifdef __STDC__
| # include <limits.h>
| #else
| # include <assert.h>
| #endif
| 
| #undef sqrt
| 
| /* Override any GCC internal prototype to avoid an error.
|    Use char because int might match the return type of a GCC
|    builtin and then its argument prototype would still apply.  */
| #ifdef __cplusplus
| extern "C"
| #endif
| char sqrt ();
| /* The GNU C library defines this for functions which it implements
|     to always fail with ENOSYS.  Some functions are actually named
|     something starting with __ and the normal name is an alias.  */
| #if defined __stub_sqrt || defined __stub___sqrt
| choke me
| #endif
| 
| int
| main ()
| {
| return sqrt ();
|   ;
|   return 0;
| }
configure:13969: result: no
configure:13981: checking for getrusage
configure:13981: gcc -o conftest    -I.. -O2 -Wall -Wconversion  -I/home/cyx/proyectos/ibex/ibex-lib/__build__/3rd/include   conftest.c  >&5
configure:13981: $? = 0
configure:13981: result: yes
configure:13981: checking for clock
configure:13981: gcc -o conftest    -I.. -O2 -Wall -Wconversion  -I/home/cyx/proyectos/ibex/ibex-lib/__build__/3rd/include   conftest.c  >&5
configure:13981: $? = 0
configure:13981: result: yes
configure:13981: checking for __signbit
configure:13981: gcc -o conftest    -I.. -O2 -Wall -Wconversion  -I/home/cyx/proyectos/ibex/ibex-lib/__build__/3rd/include   conftest.c  >&5
configure:13981: $? = 0
configure:13981: result: yes
configure:13981: checking for round
configure:13981: gcc -o conftest    -I.. -O2 -Wall -Wconversion  -I/home/cyx/proyectos/ibex/ibex-lib/__build__/3rd/include   conftest.c  >&5
conftest.c:84:6: warning: conflicting types for built-in function 'round'; expected 'double(double)' [-Wbuiltin-declaration-mismatch]
   84 | char round ();
      |      ^~~~~
conftest.c:72:1: note: 'round' is declared in header '<math.h>'
   71 | # include <limits.h>
   72 | #else
/usr/bin/ld: /tmp/ccR91qbh.o: in function `main':
conftest.c:(.text.startup+0xb): undefined reference to `round'
collect2: error: ld returned 1 exit status
configure:13981: $? = 1
configure: failed program was:
| /* confdefs.h */
| #define PACKAGE_NAME "gaol"
| #define PACKAGE_TARNAME "gaol"
| #define PACKAGE_VERSION ""4.2.0""
| #define PACKAGE_STRING "gaol "4.2.0""
| #define PACKAGE_BUGREPORT "goualard@users.sourceforge.net"
| #define PACKAGE_URL ""
| #define PACKAGE "gaol"
| #define VERSION ""4.2.0""
| #define GAOL_MAJOR_VERSION 4
| #define GAOL_MINOR_VERSION 2
| #define GAOL_MICRO_VERSION 0
| #define GAOL_VERSION "4.2.0"
| #define STDC_HEADERS 1
| #define HAVE_SYS_TYPES_H 1
| #define HAVE_SYS_STAT_H 1
| #define HAVE_STDLIB_H 1
| #define HAVE_STRING_H 1
| #define HAVE_MEMORY_H 1
| #define HAVE_STRINGS_H 1
| #define HAVE_INTTYPES_H 1
| #define HAVE_STDINT_H 1
| #define HAVE_UNISTD_H 1
| #define HAVE_DLFCN_H 1
| #define LT_OBJDIR ".libs/"
| #define USING_SSE2_INSTRUCTIONS 1
| #define USING_SSE3_INSTRUCTIONS 1
| #define HAVE_MATHLIB_H 1
| #define GAOL_USING_APMATHLIB 1
| #define HAVE_VISIBILITY_OPTIONS 1
| #define GAOL_CERTAINLY_RELATIONS 1
| #define GAOL_EXCEPTIONS_ENABLED 1
| #define GAOL_USING_ASM 1
| #define IX86_LINUX 1
| #define X86_64BITS 1
| #define HAVE_NEXTAFTER 1
| #define STDC_HEADERS 1
| #define HAVE_FENV_H 1
| #define HAVE_FLOAT_H 1
| #define HAVE_STDDEF_H 1
| #define HAVE_STDLIB_H 1
| #define HAVE_STRING_H 1
| #define HAVE_SYS_TIME_H 1
| #define HAVE_UNISTD_H 1
| #define HAVE_LIMITS 1
| #define HAVE_CASSERT 1
| #define SIZEOF_INT 4
| #define SIZEOF_LONG 8
| #define SIZEOF_LONG_LONG_INT 8
| #define HAVE_ROUNDING_MATH_OPTION 1
| #define HAVE_STDLIB_H 1
| #define HAVE_MALLOC 1
| #define HAVE_STDLIB_H 1
| #define HAVE_REALLOC 1
| #define HAVE_LOCALECONV 1
| #define HAVE_MEMSET 1
| #define HAVE_GETRUSAGE 1
| #define HAVE_CLOCK 1
| #define HAVE___SIGNBIT 1
| /* end confdefs.h.  */
| /* Define round to an innocuous variant, in case <limits.h> declares round.
|    For example, HP-UX 11i <limits.h> declares gettimeofday.  */
| #define round innocuous_round
| 
| /* System header to define __stub macros and hopefully few prototypes,
|     which can conflict with char round (); below.
|     Prefer <limits.h> to <assert.h> if __STDC__ is defined, since
|     <limits.h> exists even on freestanding compilers.  */
| 
| #ifdef __STDC__
| # include <limits.h>
| #else
| # include <assert.h>
| #endif
| 
| #undef round
| 
| /* Override any GCC internal prototype to avoid an error.
|    Use char because int might match the return type of a GCC
|    builtin and then its argument prototype would still apply.  */
| #ifdef __cplusplus
| extern "C"
| #endif
| char round ();
| /* The GNU C library defines this for functions which it implements
|     to always fail with ENOSYS.  Some functions are actually named
|     something starting with __ and the normal name is an alias.  */
| #if defined __stub_round || defined __stub___round
| choke me
| #endif
| 
| int
| main ()
| {
| return round ();
|   ;
|   return 0;
| }
configure:13981: result: no
configure:13981: checking for rint
configure:13981: gcc -o conftest    -I.. -O2 -Wall -Wconversion  -I/home/cyx/proyectos/ibex/ibex-lib/__build__/3rd/include   conftest.c  >&5
conftest.c:84:6: warning: conflicting types for built-in function 'rint'; expected 'double(double)' [-Wbuiltin-declaration-mismatch]
   84 | char rint ();
      |      ^~~~
conftest.c:72:1: note: 'rint' is declared in header '<math.h>'
   71 | # include <limits.h>
   72 | #else
/usr/bin/ld: /tmp/cctaZRmA.o: in function `main':
conftest.c:(.text.startup+0xb): undefined reference to `rint'
collect2: error: ld returned 1 exit status
configure:13981: $? = 1
configure: failed program was:
| /* confdefs.h */
| #define PACKAGE_NAME "gaol"
| #define PACKAGE_TARNAME "gaol"
| #define PACKAGE_VERSION ""4.2.0""
| #define PACKAGE_STRING "gaol "4.2.0""
| #define PACKAGE_BUGREPORT "goualard@users.sourceforge.net"
| #define PACKAGE_URL ""
| #define PACKAGE "gaol"
| #define VERSION ""4.2.0""
| #define GAOL_MAJOR_VERSION 4
| #define GAOL_MINOR_VERSION 2
| #define GAOL_MICRO_VERSION 0
| #define GAOL_VERSION "4.2.0"
| #define STDC_HEADERS 1
| #define HAVE_SYS_TYPES_H 1
| #define HAVE_SYS_STAT_H 1
| #define HAVE_STDLIB_H 1
| #define HAVE_STRING_H 1
| #define HAVE_MEMORY_H 1
| #define HAVE_STRINGS_H 1
| #define HAVE_INTTYPES_H 1
| #define HAVE_STDINT_H 1
| #define HAVE_UNISTD_H 1
| #define HAVE_DLFCN_H 1
| #define LT_OBJDIR ".libs/"
| #define USING_SSE2_INSTRUCTIONS 1
| #define USING_SSE3_INSTRUCTIONS 1
| #define HAVE_MATHLIB_H 1
| #define GAOL_USING_APMATHLIB 1
| #define HAVE_VISIBILITY_OPTIONS 1
| #define GAOL_CERTAINLY_RELATIONS 1
| #define GAOL_EXCEPTIONS_ENABLED 1
| #define GAOL_USING_ASM 1
| #define IX86_LINUX 1
| #define X86_64BITS 1
| #define HAVE_NEXTAFTER 1
| #define STDC_HEADERS 1
| #define HAVE_FENV_H 1
| #define HAVE_FLOAT_H 1
| #define HAVE_STDDEF_H 1
| #define HAVE_STDLIB_H 1
| #define HAVE_STRING_H 1
| #define HAVE_SYS_TIME_H 1
| #define HAVE_UNISTD_H 1
| #define HAVE_LIMITS 1
| #define HAVE_CASSERT 1
| #define SIZEOF_INT 4
| #define SIZEOF_LONG 8
| #define SIZEOF_LONG_LONG_INT 8
| #define HAVE_ROUNDING_MATH_OPTION 1
| #define HAVE_STDLIB_H 1
| #define HAVE_MALLOC 1
| #define HAVE_STDLIB_H 1
| #define HAVE_REALLOC 1
| #define HAVE_LOCALECONV 1
| #define HAVE_MEMSET 1
| #define HAVE_GETRUSAGE 1
| #define HAVE_CLOCK 1
| #define HAVE___SIGNBIT 1
| /* end confdefs.h.  */
| /* Define rint to an innocuous variant, in case <limits.h> declares rint.
|    For example, HP-UX 11i <limits.h> declares gettimeofday.  */
| #define rint innocuous_rint
| 
| /* System header to define __stub macros and hopefully few prototypes,
|     which can conflict with char rint (); below.
|     Prefer <limits.h> to <assert.h> if __STDC__ is defined, since
|     <limits.h> exists even on freestanding compilers.  */
| 
| #ifdef __STDC__
| # include <limits.h>
| #else
| # include <assert.h>
| #endif
| 
| #undef rint
| 
| /* Override any GCC internal prototype to avoid an error.
|    Use char because int might match the return type of a GCC
|    builtin and then its argument prototype would still apply.  */
| #ifdef __cplusplus
| extern "C"
| #endif
| char rint ();
| /* The GNU C library defines this for functions which it implements
|     to always fail with ENOSYS.  Some functions are actually named
|     something starting with __ and the normal name is an alias.  */
| #if defined __stub_rint || defined __stub___rint
| choke me
| #endif
| 
| int
| main ()
| {
| return rint ();
|   ;
|   return 0;
| }
configure:13981: result: no
configure:13981: checking for finite
configure:13981: gcc -o conftest    -I.. -O2 -Wall -Wconversion  -I/home/cyx/proyectos/ibex/ibex-lib/__build__/3rd/include   conftest.c  >&5
conftest.c:84:6: warning: conflicting types for built-in function 'finite'; expected 'int(double)' [-Wbuiltin-declaration-mismatch]
   84 | char finite ();
      |      ^~~~~~
configure:13981: $? = 0
configure:13981: result: yes
configure:13994: checking sys/resource.h usability
configure:13994: gcc -c    -I.. -O2 -Wall -Wconversion  -I/home/cyx/proyectos/ibex/ibex-lib/__build__/3rd/include conftest.c >&5
configure:13994: $? = 0
configure:13994: result: yes
configure:13994: checking sys/resource.h presence
configure:13994: gcc -E  -I/home/cyx/proyectos/ibex/ibex-lib/__build__/3rd/include conftest.c
configure:13994: $? = 0
configure:13994: result: yes
configure:13994: checking for sys/resource.h
configure:13994: result: yes
configure:14175: checking that generated files are newer than configure
configure:14181: result: done
configure:14265: creating ./config.status

## ---------------------- ##
## Running config.status. ##
## ---------------------- ##

This file was extended by gaol config.status 4.2.0, which was
generated by GNU Autoconf 2.69.  Invocation command line was

  CONFIG_FILES    = 
  CONFIG_HEADERS  = 
  CONFIG_LINKS    = 
  CONFIG_COMMANDS = 
  $ ./config.status 

on pop-os

config.status:1225: creating Makefile
config.status:1225: creating gdtoa/Makefile
config.status:1225: creating gdtoa/test/Makefile
config.status:1225: creating check/Makefile
config.status:1225: creating doc/gaol_doxygen.cfg
config.status:1225: creating doc/Makefile
config.status:1225: creating doc/gaol_version.tex
config.status:1225: creating gaol.spec
config.status:1225: creating gaol/Makefile
config.status:1225: creating examples/gaolcc
config.status:1225: creating gaol/gaol_configuration.h
config.status:1466: linking gaol/gaol_double_op_apmathlib.h to gaol/gaol_double_op.h
config.status:1485: executing depfiles commands
config.status:1485: executing libtool commands

## ---------------- ##
## Cache variables. ##
## ---------------- ##

ac_cv_build=x86_64-pc-linux-gnu
ac_cv_c_bigendian=no
ac_cv_c_compiler_gnu=yes
ac_cv_c_const=yes
ac_cv_c_inline=inline
ac_cv_cxx_compiler_gnu=yes
ac_cv_env_CCC_set=
ac_cv_env_CCC_value=
ac_cv_env_CC_set=
ac_cv_env_CC_value=
ac_cv_env_CFLAGS_set=set
ac_cv_env_CFLAGS_value='  '
ac_cv_env_CPPFLAGS_set=
ac_cv_env_CPPFLAGS_value=
ac_cv_env_CPP_set=
ac_cv_env_CPP_value=
ac_cv_env_CXXCPP_set=
ac_cv_env_CXXCPP_value=
ac_cv_env_CXXFLAGS_set=set
ac_cv_env_CXXFLAGS_value='  '
ac_cv_env_CXX_set=
ac_cv_env_CXX_value=
ac_cv_env_LDFLAGS_set=
ac_cv_env_LDFLAGS_value=
ac_cv_env_LIBS_set=
ac_cv_env_LIBS_value=
ac_cv_env_YACC_set=
ac_cv_env_YACC_value=
ac_cv_env_YFLAGS_set=
ac_cv_env_YFLAGS_value=
ac_cv_env_build_alias_set=
ac_cv_env_build_alias_value=
ac_cv_env_host_alias_set=
ac_cv_env_host_alias_value=
ac_cv_env_target_alias_set=
ac_cv_env_target_alias_value=
ac_cv_func___signbit=yes
ac_cv_func_clock=yes
ac_cv_func_dlopen=no
ac_cv_func_fesetround=no
ac_cv_func_finite=yes
ac_cv_func_floor=no
ac_cv_func_getrusage=yes
ac_cv_func_localeconv=yes
ac_cv_func_malloc_0_nonnull=yes
ac_cv_func_memset=yes
ac_cv_func_pow=no
ac_cv_func_realloc_0_nonnull=yes
ac_cv_func_rint=no
ac_cv_func_round=no
ac_cv_func_shl_load=no
ac_cv_func_sqrt=no
ac_cv_header_MathLib_h=yes
ac_cv_header_cassert=yes
ac_cv_header_cppunit_ui_text_TestRunner_h=no
ac_cv_header_dlfcn_h=yes
ac_cv_header_fenv_h=yes
ac_cv_header_float_h=yes
ac_cv_header_inttypes_h=yes
ac_cv_header_limits=yes
ac_cv_header_memory_h=yes
ac_cv_header_stdbool_h=no
ac_cv_header_stdc=yes
ac_cv_header_stddef_h=yes
ac_cv_header_stdint_h=yes
ac_cv_header_stdlib_h=yes
ac_cv_header_string_h=yes
ac_cv_header_strings_h=yes
ac_cv_header_sys_resource_h=yes
ac_cv_header_sys_stat_h=yes
ac_cv_header_sys_time_h=yes
ac_cv_header_sys_types_h=yes
ac_cv_header_unistd_h=yes
ac_cv_host=x86_64-pc-linux-gnu
ac_cv_lib_dl_dlopen=yes
ac_cv_lib_dld_shl_load=no
ac_cv_lib_m_nextafter=yes
ac_cv_lib_ultim_utan=yes
ac_cv_objext=o
ac_cv_path_EGREP='/usr/bin/grep -E'
ac_cv_path_FGREP='/usr/bin/grep -F'
ac_cv_path_GREP=/usr/bin/grep
ac_cv_path_SED=/usr/bin/sed
ac_cv_path_install='/usr/bin/install -c'
ac_cv_path_mkdir=/usr/bin/mkdir
ac_cv_prog_AWK=mawk
ac_cv_prog_BIBTEX=no
ac_cv_prog_CPP='gcc -E'
ac_cv_prog_CXXCPP='g++ -E'
ac_cv_prog_DOT=no
ac_cv_prog_DOXYGEN=no
ac_cv_prog_MAKEINDEX=no
ac_cv_prog_PDFLATEX=no
ac_cv_prog_YACC='bison -y'
ac_cv_prog_ac_ct_AR=ar
ac_cv_prog_ac_ct_CC=gcc
ac_cv_prog_ac_ct_CXX=g++
ac_cv_prog_ac_ct_MANIFEST_TOOL=mt
ac_cv_prog_ac_ct_OBJDUMP=objdump
ac_cv_prog_ac_ct_RANLIB=ranlib
ac_cv_prog_ac_ct_STRIP=strip
ac_cv_prog_cc_c89=
ac_cv_prog_cc_g=yes
ac_cv_prog_cxx_g=yes
ac_cv_prog_make_make_set=yes
ac_cv_sizeof_int=4
ac_cv_sizeof_long=8
ac_cv_sizeof_long_long_int=8
ac_cv_type__Bool=no
ac_cv_type_size_t=yes
am_cv_CC_dependencies_compiler_type=gcc3
am_cv_CXX_dependencies_compiler_type=gcc3
am_cv_make_support_nested_variables=yes
lt_cv_ar_at_file=@
lt_cv_deplibs_check_method=pass_all
lt_cv_dlopen=dlopen
lt_cv_dlopen_libs=-ldl
lt_cv_dlopen_self=yes
lt_cv_dlopen_self_static=no
lt_cv_file_magic_cmd='$MAGIC_CMD'
lt_cv_file_magic_test_file=
lt_cv_ld_reload_flag=-r
lt_cv_nm_interface='BSD nm'
lt_cv_objdir=.libs
lt_cv_path_LD=/usr/bin/ld
lt_cv_path_LDCXX='/usr/bin/ld -m elf_x86_64'
lt_cv_path_NM='/usr/bin/nm -B'
lt_cv_path_mainfest_tool=no
lt_cv_prog_compiler_c_o=yes
lt_cv_prog_compiler_c_o_CXX=yes
lt_cv_prog_compiler_pic='-fPIC -DPIC'
lt_cv_prog_compiler_pic_CXX='-fPIC -DPIC'
lt_cv_prog_compiler_pic_works=yes
lt_cv_prog_compiler_pic_works_CXX=yes
lt_cv_prog_compiler_rtti_exceptions=no
lt_cv_prog_compiler_static_works=yes
lt_cv_prog_compiler_static_works_CXX=yes
lt_cv_prog_gnu_ld=yes
lt_cv_prog_gnu_ldcxx=yes
lt_cv_sharedlib_from_linklib_cmd='printf %s\n'
lt_cv_shlibpath_overrides_runpath=yes
lt_cv_sys_global_symbol_pipe='sed -n -e '\''s/^.*[	 ]\([ABCDGIRSTW][ABCDGIRSTW]*\)[	 ][	 ]*\([_A-Za-z][_A-Za-z0-9]*\)$/\1 \2 \2/p'\'' | sed '\''/ __gnu_lto/d'\'''
lt_cv_sys_global_symbol_to_c_name_address='sed -n -e '\''s/^: \([^ ]*\)[ ]*$/  {\"\1\", (void *) 0},/p'\'' -e '\''s/^[ABCDGIRSTW]* \([^ ]*\) \([^ ]*\)$/  {"\2", (void *) \&\2},/p'\'''
lt_cv_sys_global_symbol_to_c_name_address_lib_prefix='sed -n -e '\''s/^: \([^ ]*\)[ ]*$/  {\"\1\", (void *) 0},/p'\'' -e '\''s/^[ABCDGIRSTW]* \([^ ]*\) \(lib[^ ]*\)$/  {"\2", (void *) \&\2},/p'\'' -e '\''s/^[ABCDGIRSTW]* \([^ ]*\) \([^ ]*\)$/  {"lib\2", (void *) \&\2},/p'\'''
lt_cv_sys_global_symbol_to_cdecl='sed -n -e '\''s/^T .* \(.*\)$/extern int \1();/p'\'' -e '\''s/^[ABCDGIRSTW]* .* \(.*\)$/extern char \1;/p'\'''
lt_cv_sys_max_cmd_len=1572864
lt_cv_to_host_file_cmd=func_convert_file_noop
lt_cv_to_tool_file_cmd=func_convert_file_noop

## ----------------- ##
## Output variables. ##
## ----------------- ##

ACLOCAL='${SHELL} /home/cyx/proyectos/ibex/ibex-lib/__build__/3rd/gaol-4.2.0/missing aclocal-1.13'
AMDEPBACKSLASH='\'
AMDEP_FALSE='#'
AMDEP_TRUE=''
AMTAR='$${TAR-tar}'
AM_BACKSLASH='\'
AM_DEFAULT_V='$(AM_DEFAULT_VERBOSITY)'
AM_DEFAULT_VERBOSITY='1'
AM_V='$(V)'
AR='ar'
AUTOCONF='${SHELL} /home/cyx/proyectos/ibex/ibex-lib/__build__/3rd/gaol-4.2.0/missing autoconf'
AUTOHEADER='${SHELL} /home/cyx/proyectos/ibex/ibex-lib/__build__/3rd/gaol-4.2.0/missing autoheader'
AUTOMAKE='${SHELL} /home/cyx/proyectos/ibex/ibex-lib/__build__/3rd/gaol-4.2.0/missing automake-1.13'
AWK='mawk'
BIBTEX='no'
CC='gcc'
CCDEPMODE='depmode=gcc3'
CFLAGS='   -I.. -O2 -Wall -Wconversion'
COMPILE_INTERVAL2_FALSE='#'
COMPILE_INTERVAL2_TRUE=''
CPP='gcc -E'
CPPFLAGS=' -I/home/cyx/proyectos/ibex/ibex-lib/__build__/3rd/include'
CPPUNIT_COND_FALSE=''
CPPUNIT_COND_TRUE='#'
CXX='g++'
CXXCPP='g++ -E'
CXXDEPMODE='depmode=gcc3'
CXXFLAGS='   -I.. -msse2 -msse3 -L/home/cyx/proyectos/ibex/ibex-lib/__build__/3rd/lib -O3 -funroll-loops -fomit-frame-pointer -fexpensive-optimizations -fvisibility-inlines-hidden -fvisibility=hidden -Wall -Wconversion  -frounding-math'
CYGPATH_W='echo'
DEFS='-DHAVE_CONFIG_H'
DEPDIR='.deps'
DLLTOOL='false'
DOT='no'
DOXYGEN='no'
DOXYGEN_FALSE=''
DOXYGEN_TRUE='#'
DSYMUTIL=''
DUMPBIN=''
ECHO_C=''
ECHO_N='-n'
ECHO_T=''
EGREP='/usr/bin/grep -E'
EXEEXT=''
FGREP='/usr/bin/grep -F'
GAOL_EDITION='4.4'
GAOL_RPM_RELEASE='1'
GAOL_UPDATED='21 May 2015'
GAOL_VERSION='4.2.0'
GREP='/usr/bin/grep'
INSTALL_DATA='${INSTALL} -m 644'
INSTALL_PROGRAM='${INSTALL}'
INSTALL_SCRIPT='${INSTALL}'
INSTALL_STRIP_PROGRAM='$(install_sh) -c -s'
IS_CYGWIN_COND_FALSE=''
IS_CYGWIN_COND_TRUE='#'
LD='/usr/bin/ld -m elf_x86_64'
LDFLAGS=' '
LIBOBJS=''
LIBS=''
LIBTOOL='$(SHELL) $(top_builddir)/libtool'
LIPO=''
LN_S='ln -s'
LTLIBOBJS=''
LT_RELEASE='4.2'
LT_VERSION_INFO='0:0:0'
MAINT='#'
MAINTAINER_MODE_FALSE=''
MAINTAINER_MODE_TRUE='#'
MAKEINDEX='no'
MAKEINFO='${SHELL} /home/cyx/proyectos/ibex/ibex-lib/__build__/3rd/gaol-4.2.0/missing makeinfo'
MANIFEST_TOOL=':'
MATHLIB='-lultim'
MKDIR_P='/usr/bin/mkdir -p'
NM='/usr/bin/nm -B'
NMEDIT=''
OBJDUMP='objdump'
OBJEXT='o'
OTOOL64=''
OTOOL=''
PACKAGE='gaol'
PACKAGE_BUGREPORT='goualard@users.sourceforge.net'
PACKAGE_NAME='gaol'
PACKAGE_STRING='gaol "4.2.0"'
PACKAGE_TARNAME='gaol'
PACKAGE_URL=''
PACKAGE_VERSION='"4.2.0"'
PATH_SEPARATOR=':'
PDFLATEX='no'
PDF_TO_LATEX_FALSE=''
PDF_TO_LATEX_TRUE='#'
RANLIB='ranlib'
SED='/usr/bin/sed'
SET_MAKE=''
SHELL='/bin/bash'
SIMD_COND_FALSE='#'
SIMD_COND_TRUE=''
STRIP='strip'
VERSION='"4.2.0"'
YACC='bison -y'
YFLAGS=''
ac_ct_AR='ar'
ac_ct_CC='gcc'
ac_ct_CXX='g++'
ac_ct_DUMPBIN=''
am__EXEEXT_FALSE=''
am__EXEEXT_TRUE='#'
am__fastdepCC_FALSE='#'
am__fastdepCC_TRUE=''
am__fastdepCXX_FALSE='#'
am__fastdepCXX_TRUE=''
am__include='include'
am__isrc=''
am__leading_dot='.'
am__nodep='_no'
am__quote=''
am__tar='$${TAR-tar} chof - "$$tardir"'
am__untar='$${TAR-tar} xf -'
bindir='${exec_prefix}/bin'
build='x86_64-pc-linux-gnu'
build_alias=''
build_cpu='x86_64'
build_os='linux-gnu'
build_vendor='pc'
datadir='${datarootdir}'
datarootdir='${prefix}/share'
docdir='${datarootdir}/doc/${PACKAGE_TARNAME}'
dvidir='${docdir}'
exec_prefix='${prefix}'
host='x86_64-pc-linux-gnu'
host_alias=''
host_cpu='x86_64'
host_os='linux-gnu'
host_vendor='pc'
htmldir='${docdir}'
includedir='${prefix}/include'
infodir='${datarootdir}/info'
install_sh='${SHELL} /home/cyx/proyectos/ibex/ibex-lib/__build__/3rd/gaol-4.2.0/install-sh'
libdir='${exec_prefix}/lib'
libexecdir='${exec_prefix}/libexec'
localedir='${datarootdir}/locale'
localstatedir='${prefix}/var'
mandir='${datarootdir}/man'
mkdir_p='$(MKDIR_P)'
oldincludedir='/usr/include'
pdfdir='${docdir}'
prefix='/home/cyx/proyectos/ibex/ibex-lib/__build__/3rd'
program_transform_name='s,x,x,'
psdir='${docdir}'
sbindir='${exec_prefix}/sbin'
sharedstatedir='${prefix}/com'
sysconfdir='${prefix}/etc'
target_alias=''

## ----------- ##
## confdefs.h. ##
## ----------- ##

/* confdefs.h */
#define PACKAGE_NAME "gaol"
#define PACKAGE_TARNAME "gaol"
#define PACKAGE_VERSION ""4.2.0""
#define PACKAGE_STRING "gaol "4.2.0""
#define PACKAGE_BUGREPORT "goualard@users.sourceforge.net"
#define PACKAGE_URL ""
#define PACKAGE "gaol"
#define VERSION ""4.2.0""
#define GAOL_MAJOR_VERSION 4
#define GAOL_MINOR_VERSION 2
#define GAOL_MICRO_VERSION 0
#define GAOL_VERSION "4.2.0"
#define STDC_HEADERS 1
#define HAVE_SYS_TYPES_H 1
#define HAVE_SYS_STAT_H 1
#define HAVE_STDLIB_H 1
#define HAVE_STRING_H 1
#define HAVE_MEMORY_H 1
#define HAVE_STRINGS_H 1
#define HAVE_INTTYPES_H 1
#define HAVE_STDINT_H 1
#define HAVE_UNISTD_H 1
#define HAVE_DLFCN_H 1
#define LT_OBJDIR ".libs/"
#define USING_SSE2_INSTRUCTIONS 1
#define USING_SSE3_INSTRUCTIONS 1
#define HAVE_MATHLIB_H 1
#define GAOL_USING_APMATHLIB 1
#define HAVE_VISIBILITY_OPTIONS 1
#define GAOL_CERTAINLY_RELATIONS 1
#define GAOL_EXCEPTIONS_ENABLED 1
#define GAOL_USING_ASM 1
#define IX86_LINUX 1
#define X86_64BITS 1
#define HAVE_NEXTAFTER 1
#define STDC_HEADERS 1
#define HAVE_FENV_H 1
#define HAVE_FLOAT_H 1
#define HAVE_STDDEF_H 1
#define HAVE_STDLIB_H 1
#define HAVE_STRING_H 1
#define HAVE_SYS_TIME_H 1
#define HAVE_UNISTD_H 1
#define HAVE_LIMITS 1
#define HAVE_CASSERT 1
#define SIZEOF_INT 4
#define SIZEOF_LONG 8
#define SIZEOF_LONG_LONG_INT 8
#define HAVE_ROUNDING_MATH_OPTION 1
#define HAVE_STDLIB_H 1
#define HAVE_MALLOC 1
#define HAVE_STDLIB_H 1
#define HAVE_REALLOC 1
#define HAVE_LOCALECONV 1
#define HAVE_MEMSET 1
#define HAVE_GETRUSAGE 1
#define HAVE_CLOCK 1
#define HAVE___SIGNBIT 1
#define HAVE_FINITE 1
#define HAVE_SYS_RESOURCE_H 1
#define GETRUSAGE_IN_HEADER 1

configure: exit 0
