This file contains any messages produced by compilers while
running configure, to aid debugging if configure makes a mistake.

It was created by mathlib configure 2.1.0, which was
generated by GNU Autoconf 2.69.  Invocation command line was

  $ ./configure --enable-static --disable-shared --prefix=/home/cyx/proyectos/ibex/ibex-lib/__build__/3rd

## --------- ##
## Platform. ##
## --------- ##

hostname = pop-os
uname -m = x86_64
uname -r = 5.4.0-7642-generic
uname -s = Linux
uname -v = #46~1598628707~20.04~040157c-Ubuntu SMP Fri Aug 28 18:02:16 UTC 

/usr/bin/uname -p = x86_64
/bin/uname -X     = unknown

/bin/arch              = x86_64
/usr/bin/arch -k       = unknown
/usr/convex/getsysinfo = unknown
/usr/bin/hostinfo      = unknown
/bin/machine           = unknown
/usr/bin/oslevel       = unknown
/bin/universe          = unknown

PATH: /usr/local/sbin
PATH: /usr/local/bin
PATH: /usr/sbin
PATH: /usr/bin
PATH: /sbin
PATH: /bin
PATH: /usr/games
PATH: /usr/local/games
PATH: /snap/bin


## ----------- ##
## Core tests. ##
## ----------- ##

configure:2212: checking whether to enable maintainer-specific portions of Makefiles
configure:2221: result: no
configure:2305: checking build system type
configure:2319: result: x86_64-unknown-linux-gnu
configure:2339: checking host system type
configure:2352: result: x86_64-unknown-linux-gnu
configure:2393: checking how to print strings
configure:2420: result: printf
configure:2489: checking for gcc
configure:2505: found /usr/bin/gcc
configure:2516: result: gcc
configure:2745: checking for C compiler version
configure:2754: gcc --version >&5
gcc (Ubuntu 9.3.0-10ubuntu2) 9.3.0
Copyright (C) 2019 Free Software Foundation, Inc.
This is free software; see the source for copying conditions.  There is NO
warranty; not even for MERCHANTABILITY or FITNESS FOR A PARTICULAR PURPOSE.

configure:2765: $? = 0
configure:2754: gcc -v >&5
Using built-in specs.
COLLECT_GCC=gcc
COLLECT_LTO_WRAPPER=/usr/lib/gcc/x86_64-linux-gnu/9/lto-wrapper
OFFLOAD_TARGET_NAMES=nvptx-none:hsa
OFFLOAD_TARGET_DEFAULT=1
Target: x86_64-linux-gnu
Configured with: ../src/configure -v --with-pkgversion='Ubuntu 9.3.0-10ubuntu2' --with-bugurl=file:///usr/share/doc/gcc-9/README.Bugs --enable-languages=c,ada,c++,go,brig,d,fortran,objc,obj-c++,gm2 --prefix=/usr --with-gcc-major-version-only --program-suffix=-9 --program-prefix=x86_64-linux-gnu- --enable-shared --enable-linker-build-id --libexecdir=/usr/lib --without-included-gettext --enable-threads=posix --libdir=/usr/lib --enable-nls --enable-clocale=gnu --enable-libstdcxx-debug --enable-libstdcxx-time=yes --with-default-libstdcxx-abi=new --enable-gnu-unique-object --disable-vtable-verify --enable-plugin --enable-default-pie --with-system-zlib --with-target-system-zlib=auto --enable-objc-gc=auto --enable-multiarch --disable-werror --with-arch-32=i686 --with-abi=m64 --with-multilib-list=m32,m64,mx32 --enable-multilib --with-tune=generic --enable-offload-targets=nvptx-none,hsa --without-cuda-driver --enable-checking=release --build=x86_64-linux-gnu --host=x86_64-linux-gnu --target=x86_64-linux-gnu
Thread model: posix
gcc version 9.3.0 (Ubuntu 9.3.0-10ubuntu2) 
configure:2765: $? = 0
configure:2754: gcc -V >&5
gcc: error: unrecognized command line option '-V'
gcc: fatal error: no input files
compilation terminated.
configure:2765: $? = 1
configure:2754: gcc -qversion >&5
gcc: error: unrecognized command line option '-qversion'; did you mean '--version'?
gcc: fatal error: no input files
compilation terminated.
configure:2765: $? = 1
configure:2785: checking whether the C compiler works
configure:2807: gcc     conftest.c  >&5
configure:2811: $? = 0
configure:2859: result: yes
configure:2862: checking for C compiler default output file name
configure:2864: result: a.out
configure:2870: checking for suffix of executables
configure:2877: gcc -o conftest     conftest.c  >&5
configure:2881: $? = 0
configure:2903: result: 
configure:2925: checking whether we are cross compiling
configure:2933: gcc -o conftest     conftest.c  >&5
configure:2937: $? = 0
configure:2944: ./conftest
configure:2948: $? = 0
configure:2936: result: no
configure:2941: checking for suffix of object files
configure:2963: gcc -c    conftest.c >&5
configure:2967: $? = 0
configure:2988: result: o
configure:2992: checking whether we are using the GNU C compiler
configure:3011: gcc -c    conftest.c >&5
configure:3011: $? = 0
configure:3020: result: yes
configure:3029: checking whether gcc accepts -g
configure:3049: gcc -c -g  conftest.c >&5
configure:3049: $? = 0
configure:3090: result: yes
configure:3107: checking for gcc option to accept ISO C89
configure:3170: gcc  -c    conftest.c >&5
configure:3170: $? = 0
configure:3183: result: none needed
configure:3203: checking for a sed that does not truncate output
configure:3267: result: /usr/bin/sed
configure:3285: checking for grep that handles long lines and -e
configure:3343: result: /usr/bin/grep
configure:3348: checking for egrep
configure:3410: result: /usr/bin/grep -E
configure:3415: checking for fgrep
configure:3477: result: /usr/bin/grep -F
configure:3512: checking for ld used by gcc
configure:3579: result: /usr/bin/ld
configure:3586: checking if the linker (/usr/bin/ld) is GNU ld
configure:3601: result: yes
configure:3613: checking for BSD- or MS-compatible name lister (nm)
configure:3662: result: /usr/bin/nm -B
configure:3792: checking the name lister (/usr/bin/nm -B) interface
configure:3799: gcc -c    conftest.c >&5
configure:3802: /usr/bin/nm -B "conftest.o"
configure:3805: output
0000000000000000 B some_variable
configure:3806: result: BSD nm
configure:3809: checking whether ln -s works
configure:3813: result: yes
configure:3821: checking the maximum length of command line arguments
configure:3952: result: 1572864
configure:3969: checking whether the shell understands some XSI constructs
configure:3978: result: yes
configure:3982: checking whether the shell understands "+="
configure:3986: result: yes
configure:4021: checking how to convert x86_64-unknown-linux-gnu file names to x86_64-unknown-linux-gnu format
configure:4061: result: func_convert_file_noop
configure:4068: checking how to convert x86_64-unknown-linux-gnu file names to toolchain format
configure:4088: result: func_convert_file_noop
configure:4095: checking for /usr/bin/ld option to reload object files
configure:4102: result: -r
configure:4176: checking for objdump
configure:4192: found /usr/bin/objdump
configure:4203: result: objdump
configure:4235: checking how to recognize dependent libraries
configure:4433: result: pass_all
configure:4518: checking for dlltool
configure:4548: result: no
configure:4578: checking how to associate runtime and link libraries
configure:4605: result: printf %s\n
configure:4666: checking for ar
configure:4682: found /usr/bin/ar
configure:4693: result: ar
configure:4730: checking for archiver @FILE support
configure:4747: gcc -c    conftest.c >&5
configure:4747: $? = 0
configure:4750: ar cru libconftest.a @conftest.lst >&5
ar: `u' modifier ignored since `D' is the default (see `U')
configure:4753: $? = 0
configure:4758: ar cru libconftest.a @conftest.lst >&5
ar: `u' modifier ignored since `D' is the default (see `U')
ar: conftest.o: No such file or directory
configure:4761: $? = 1
configure:4760: result: @
configure:4818: checking for strip
configure:4834: found /usr/bin/strip
configure:4845: result: strip
configure:4917: checking for ranlib
configure:4933: found /usr/bin/ranlib
configure:4944: result: ranlib
configure:5021: checking for gawk
configure:5051: result: no
configure:5021: checking for mawk
configure:5037: found /usr/bin/mawk
configure:5048: result: mawk
configure:5088: checking command to parse /usr/bin/nm -B output from gcc object
configure:5208: gcc -c    conftest.c >&5
configure:5211: $? = 0
configure:5215: /usr/bin/nm -B conftest.o \| sed -n -e 's/^.*[ ]\([ABCDGIRSTW][ABCDGIRSTW]*\)[ ][ ]*\([_A-Za-z][_A-Za-z0-9]*\)$/\1 \2 \2/p' | sed '/ __gnu_lto/d' \> conftest.nm
configure:5218: $? = 0
configure:5284: gcc -o conftest     conftest.c conftstm.o >&5
configure:5287: $? = 0
configure:5325: result: ok
configure:5362: checking for sysroot
configure:5392: result: no
configure:5469: gcc -c    conftest.c >&5
configure:5472: $? = 0
configure:5655: checking for mt
configure:5671: found /usr/bin/mt
configure:5682: result: mt
configure:5705: checking if mt is a manifest tool
configure:5711: mt '-?'
configure:5719: result: no
configure:6361: checking how to run the C preprocessor
configure:6392: gcc -E  conftest.c
configure:6392: $? = 0
configure:6406: gcc -E  conftest.c
conftest.c:9:10: fatal error: ac_nonexistent.h: No such file or directory
    9 | #include <ac_nonexistent.h>
      |          ^~~~~~~~~~~~~~~~~~
compilation terminated.
configure:6406: $? = 1
configure: failed program was:
| /* confdefs.h */
| #define PACKAGE_NAME "mathlib"
| #define PACKAGE_TARNAME "mathlib"
| #define PACKAGE_VERSION "2.1.0"
| #define PACKAGE_STRING "mathlib 2.1.0"
| #define PACKAGE_BUGREPORT ""
| #define PACKAGE_URL ""
| /* end confdefs.h.  */
| #include <ac_nonexistent.h>
configure:6431: result: gcc -E
configure:6451: gcc -E  conftest.c
configure:6451: $? = 0
configure:6465: gcc -E  conftest.c
conftest.c:9:10: fatal error: ac_nonexistent.h: No such file or directory
    9 | #include <ac_nonexistent.h>
      |          ^~~~~~~~~~~~~~~~~~
compilation terminated.
configure:6465: $? = 1
configure: failed program was:
| /* confdefs.h */
| #define PACKAGE_NAME "mathlib"
| #define PACKAGE_TARNAME "mathlib"
| #define PACKAGE_VERSION "2.1.0"
| #define PACKAGE_STRING "mathlib 2.1.0"
| #define PACKAGE_BUGREPORT ""
| #define PACKAGE_URL ""
| /* end confdefs.h.  */
| #include <ac_nonexistent.h>
configure:6494: checking for ANSI C header files
configure:6514: gcc -c    conftest.c >&5
configure:6514: $? = 0
configure:6587: gcc -o conftest     conftest.c  >&5
configure:6587: $? = 0
configure:6587: ./conftest
configure:6587: $? = 0
configure:6598: result: yes
configure:6611: checking for sys/types.h
configure:6611: gcc -c    conftest.c >&5
configure:6611: $? = 0
configure:6611: result: yes
configure:6611: checking for sys/stat.h
configure:6611: gcc -c    conftest.c >&5
configure:6611: $? = 0
configure:6611: result: yes
configure:6611: checking for stdlib.h
configure:6611: gcc -c    conftest.c >&5
configure:6611: $? = 0
configure:6611: result: yes
configure:6611: checking for string.h
configure:6611: gcc -c    conftest.c >&5
configure:6611: $? = 0
configure:6611: result: yes
configure:6611: checking for memory.h
configure:6611: gcc -c    conftest.c >&5
configure:6611: $? = 0
configure:6611: result: yes
configure:6611: checking for strings.h
configure:6611: gcc -c    conftest.c >&5
configure:6611: $? = 0
configure:6611: result: yes
configure:6611: checking for inttypes.h
configure:6611: gcc -c    conftest.c >&5
configure:6611: $? = 0
configure:6611: result: yes
configure:6611: checking for stdint.h
configure:6611: gcc -c    conftest.c >&5
configure:6611: $? = 0
configure:6611: result: yes
configure:6611: checking for unistd.h
configure:6611: gcc -c    conftest.c >&5
configure:6611: $? = 0
configure:6611: result: yes
configure:6625: checking for dlfcn.h
configure:6625: gcc -c    conftest.c >&5
configure:6625: $? = 0
configure:6625: result: yes
configure:6830: checking for objdir
configure:6845: result: .libs
configure:7116: checking if gcc supports -fno-rtti -fno-exceptions
configure:7134: gcc -c    -fno-rtti -fno-exceptions conftest.c >&5
cc1: warning: command line option '-fno-rtti' is valid for C++/D/ObjC++ but not for C
configure:7138: $? = 0
configure:7151: result: no
configure:7478: checking for gcc option to produce PIC
configure:7485: result: -fPIC -DPIC
configure:7493: checking if gcc PIC flag -fPIC -DPIC works
configure:7511: gcc -c    -fPIC -DPIC -DPIC conftest.c >&5
configure:7515: $? = 0
configure:7528: result: yes
configure:7557: checking if gcc static flag -static works
configure:7585: result: yes
configure:7600: checking if gcc supports -c -o file.o
configure:7621: gcc -c    -o out/conftest2.o conftest.c >&5
configure:7625: $? = 0
configure:7647: result: yes
configure:7655: checking if gcc supports -c -o file.o
configure:7702: result: yes
configure:7735: checking whether the gcc linker (/usr/bin/ld -m elf_x86_64) supports shared libraries
configure:8892: result: yes
configure:9132: checking dynamic linker characteristics
configure:9632: gcc -o conftest     -Wl,-rpath -Wl,/foo conftest.c  >&5
configure:9632: $? = 0
configure:9866: result: GNU/Linux ld.so
configure:9973: checking how to hardcode library paths into programs
configure:9998: result: immediate
configure:10092: checking for shl_load
configure:10092: gcc -o conftest     conftest.c  >&5
/usr/bin/ld: /tmp/cclchS7B.o: in function `main':
conftest.c:(.text+0xe): undefined reference to `shl_load'
collect2: error: ld returned 1 exit status
configure:10092: $? = 1
configure: failed program was:
| /* confdefs.h */
| #define PACKAGE_NAME "mathlib"
| #define PACKAGE_TARNAME "mathlib"
| #define PACKAGE_VERSION "2.1.0"
| #define PACKAGE_STRING "mathlib 2.1.0"
| #define PACKAGE_BUGREPORT ""
| #define PACKAGE_URL ""
| #define STDC_HEADERS 1
| #define HAVE_SYS_TYPES_H 1
| #define HAVE_SYS_STAT_H 1
| #define HAVE_STDLIB_H 1
| #define HAVE_STRING_H 1
| #define HAVE_MEMORY_H 1
| #define HAVE_STRINGS_H 1
| #define HAVE_INTTYPES_H 1
| #define HAVE_STDINT_H 1
| #define HAVE_UNISTD_H 1
| #define HAVE_DLFCN_H 1
| #define LT_OBJDIR ".libs/"
| /* end confdefs.h.  */
| /* Define shl_load to an innocuous variant, in case <limits.h> declares shl_load.
|    For example, HP-UX 11i <limits.h> declares gettimeofday.  */
| #define shl_load innocuous_shl_load
| 
| /* System header to define __stub macros and hopefully few prototypes,
|     which can conflict with char shl_load (); below.
|     Prefer <limits.h> to <assert.h> if __STDC__ is defined, since
|     <limits.h> exists even on freestanding compilers.  */
| 
| #ifdef __STDC__
| # include <limits.h>
| #else
| # include <assert.h>
| #endif
| 
| #undef shl_load
| 
| /* Override any GCC internal prototype to avoid an error.
|    Use char because int might match the return type of a GCC
|    builtin and then its argument prototype would still apply.  */
| #ifdef __cplusplus
| extern "C"
| #endif
| char shl_load ();
| /* The GNU C library defines this for functions which it implements
|     to always fail with ENOSYS.  Some functions are actually named
|     something starting with __ and the normal name is an alias.  */
| #if defined __stub_shl_load || defined __stub___shl_load
| choke me
| #endif
| 
| int
| main ()
| {
| return shl_load ();
|   ;
|   return 0;
| }
configure:10092: result: no
configure:10096: checking for shl_load in -ldld
configure:10121: gcc -o conftest     conftest.c -ldld   >&5
/usr/bin/ld: cannot find -ldld
collect2: error: ld returned 1 exit status
configure:10121: $? = 1
configure: failed program was:
| /* confdefs.h */
| #define PACKAGE_NAME "mathlib"
| #define PACKAGE_TARNAME "mathlib"
| #define PACKAGE_VERSION "2.1.0"
| #define PACKAGE_STRING "mathlib 2.1.0"
| #define PACKAGE_BUGREPORT ""
| #define PACKAGE_URL ""
| #define STDC_HEADERS 1
| #define HAVE_SYS_TYPES_H 1
| #define HAVE_SYS_STAT_H 1
| #define HAVE_STDLIB_H 1
| #define HAVE_STRING_H 1
| #define HAVE_MEMORY_H 1
| #define HAVE_STRINGS_H 1
| #define HAVE_INTTYPES_H 1
| #define HAVE_STDINT_H 1
| #define HAVE_UNISTD_H 1
| #define HAVE_DLFCN_H 1
| #define LT_OBJDIR ".libs/"
| /* end confdefs.h.  */
| 
| /* Override any GCC internal prototype to avoid an error.
|    Use char because int might match the return type of a GCC
|    builtin and then its argument prototype would still apply.  */
| #ifdef __cplusplus
| extern "C"
| #endif
| char shl_load ();
| int
| main ()
| {
| return shl_load ();
|   ;
|   return 0;
| }
configure:10130: result: no
configure:10135: checking for dlopen
configure:10135: gcc -o conftest     conftest.c  >&5
/usr/bin/ld: /tmp/ccE2a3CH.o: in function `main':
conftest.c:(.text+0xe): undefined reference to `dlopen'
collect2: error: ld returned 1 exit status
configure:10135: $? = 1
configure: failed program was:
| /* confdefs.h */
| #define PACKAGE_NAME "mathlib"
| #define PACKAGE_TARNAME "mathlib"
| #define PACKAGE_VERSION "2.1.0"
| #define PACKAGE_STRING "mathlib 2.1.0"
| #define PACKAGE_BUGREPORT ""
| #define PACKAGE_URL ""
| #define STDC_HEADERS 1
| #define HAVE_SYS_TYPES_H 1
| #define HAVE_SYS_STAT_H 1
| #define HAVE_STDLIB_H 1
| #define HAVE_STRING_H 1
| #define HAVE_MEMORY_H 1
| #define HAVE_STRINGS_H 1
| #define HAVE_INTTYPES_H 1
| #define HAVE_STDINT_H 1
| #define HAVE_UNISTD_H 1
| #define HAVE_DLFCN_H 1
| #define LT_OBJDIR ".libs/"
| /* end confdefs.h.  */
| /* Define dlopen to an innocuous variant, in case <limits.h> declares dlopen.
|    For example, HP-UX 11i <limits.h> declares gettimeofday.  */
| #define dlopen innocuous_dlopen
| 
| /* System header to define __stub macros and hopefully few prototypes,
|     which can conflict with char dlopen (); below.
|     Prefer <limits.h> to <assert.h> if __STDC__ is defined, since
|     <limits.h> exists even on freestanding compilers.  */
| 
| #ifdef __STDC__
| # include <limits.h>
| #else
| # include <assert.h>
| #endif
| 
| #undef dlopen
| 
| /* Override any GCC internal prototype to avoid an error.
|    Use char because int might match the return type of a GCC
|    builtin and then its argument prototype would still apply.  */
| #ifdef __cplusplus
| extern "C"
| #endif
| char dlopen ();
| /* The GNU C library defines this for functions which it implements
|     to always fail with ENOSYS.  Some functions are actually named
|     something starting with __ and the normal name is an alias.  */
| #if defined __stub_dlopen || defined __stub___dlopen
| choke me
| #endif
| 
| int
| main ()
| {
| return dlopen ();
|   ;
|   return 0;
| }
configure:10135: result: no
configure:10139: checking for dlopen in -ldl
configure:10164: gcc -o conftest     conftest.c -ldl   >&5
configure:10164: $? = 0
configure:10173: result: yes
configure:10292: checking whether a program can dlopen itself
configure:10372: gcc -o conftest    -DHAVE_DLFCN_H  -Wl,--export-dynamic conftest.c -ldl  >&5
configure:10375: $? = 0
configure:10393: result: yes
configure:10398: checking whether a statically linked program can dlopen itself
configure:10478: gcc -o conftest    -DHAVE_DLFCN_H  -Wl,--export-dynamic -static conftest.c -ldl  >&5
/usr/bin/ld: /tmp/ccBbC61d.o: in function `main':
conftest.c:(.text+0x26): warning: Using 'dlopen' in statically linked applications requires at runtime the shared libraries from the glibc version used for linking
configure:10481: $? = 0
conftest: undefined symbol: _fnord
configure:10499: result: no
configure:10538: checking whether stripping libraries is possible
configure:10543: result: yes
configure:10578: checking if libtool supports shared libraries
configure:10580: result: yes
configure:10583: checking whether to build shared libraries
configure:10604: result: no
configure:10607: checking whether to build static libraries
configure:10611: result: yes
configure:7680: checking for a BSD-compatible install
configure:7748: result: /usr/bin/install -c
configure:7759: checking whether build environment is sane
configure:7814: result: yes
configure:7963: checking for a thread-safe mkdir -p
configure:8002: result: /usr/bin/mkdir -p
configure:8005: checking whether make sets $(MAKE)
configure:8027: result: yes
configure:8057: checking for style of include used by make
configure:8085: result: GNU
configure:8119: checking whether make supports nested variables
configure:8136: result: yes
configure:8221: checking dependency style of gcc
configure:8332: result: gcc3
configure:8406: checking fenv.h usability
configure:8406: gcc -c    conftest.c >&5
configure:8406: $? = 0
configure:8406: result: yes
configure:8406: checking fenv.h presence
configure:8406: gcc -E  conftest.c
configure:8406: $? = 0
configure:8406: result: yes
configure:8406: checking for fenv.h
configure:8406: result: yes
configure:8467: checking for gcc
configure:8494: result: gcc
configure:8723: checking for C compiler version
configure:8732: gcc --version >&5
gcc (Ubuntu 9.3.0-10ubuntu2) 9.3.0
Copyright (C) 2019 Free Software Foundation, Inc.
This is free software; see the source for copying conditions.  There is NO
warranty; not even for MERCHANTABILITY or FITNESS FOR A PARTICULAR PURPOSE.

configure:8743: $? = 0
configure:8732: gcc -v >&5
Using built-in specs.
COLLECT_GCC=gcc
COLLECT_LTO_WRAPPER=/usr/lib/gcc/x86_64-linux-gnu/9/lto-wrapper
OFFLOAD_TARGET_NAMES=nvptx-none:hsa
OFFLOAD_TARGET_DEFAULT=1
Target: x86_64-linux-gnu
Configured with: ../src/configure -v --with-pkgversion='Ubuntu 9.3.0-10ubuntu2' --with-bugurl=file:///usr/share/doc/gcc-9/README.Bugs --enable-languages=c,ada,c++,go,brig,d,fortran,objc,obj-c++,gm2 --prefix=/usr --with-gcc-major-version-only --program-suffix=-9 --program-prefix=x86_64-linux-gnu- --enable-shared --enable-linker-build-id --libexecdir=/usr/lib --without-included-gettext --enable-threads=posix --libdir=/usr/lib --enable-nls --enable-clocale=gnu --enable-libstdcxx-debug --enable-libstdcxx-time=yes --with-default-libstdcxx-abi=new --enable-gnu-unique-object --disable-vtable-verify --enable-plugin --enable-default-pie --with-system-zlib --with-target-system-zlib=auto --enable-objc-gc=auto --enable-multiarch --disable-werror --with-arch-32=i686 --with-abi=m64 --with-multilib-list=m32,m64,mx32 --enable-multilib --with-tune=generic --enable-offload-targets=nvptx-none,hsa --without-cuda-driver --enable-checking=release --build=x86_64-linux-gnu --host=x86_64-linux-gnu --target=x86_64-linux-gnu
Thread model: posix
gcc version 9.3.0 (Ubuntu 9.3.0-10ubuntu2) 
configure:8743: $? = 0
configure:8732: gcc -V >&5
gcc: error: unrecognized command line option '-V'
gcc: fatal error: no input files
compilation terminated.
configure:8743: $? = 1
configure:8732: gcc -qversion >&5
gcc: error: unrecognized command line option '-qversion'; did you mean '--version'?
gcc: fatal error: no input files
compilation terminated.
configure:8743: $? = 1
configure:8747: checking whether we are using the GNU C compiler
configure:8775: result: yes
configure:8784: checking whether gcc accepts -g
configure:8845: result: yes
configure:8862: checking for gcc option to accept ISO C89
configure:8938: result: none needed
configure:8963: checking how to run the C preprocessor
configure:9033: result: gcc -E
configure:9053: gcc -E  conftest.c
configure:9053: $? = 0
configure:9067: gcc -E  conftest.c
conftest.c:27:10: fatal error: ac_nonexistent.h: No such file or directory
   27 | #include <ac_nonexistent.h>
      |          ^~~~~~~~~~~~~~~~~~
compilation terminated.
configure:9067: $? = 1
configure: failed program was:
| /* confdefs.h */
| #define PACKAGE_NAME "mathlib"
| #define PACKAGE_TARNAME "mathlib"
| #define PACKAGE_VERSION "2.1.0"
| #define PACKAGE_STRING "mathlib 2.1.0"
| #define PACKAGE_BUGREPORT ""
| #define PACKAGE_URL ""
| #define STDC_HEADERS 1
| #define HAVE_SYS_TYPES_H 1
| #define HAVE_SYS_STAT_H 1
| #define HAVE_STDLIB_H 1
| #define HAVE_STRING_H 1
| #define HAVE_MEMORY_H 1
| #define HAVE_STRINGS_H 1
| #define HAVE_INTTYPES_H 1
| #define HAVE_STDINT_H 1
| #define HAVE_UNISTD_H 1
| #define HAVE_DLFCN_H 1
| #define LT_OBJDIR ".libs/"
| #define PACKAGE "mathlib"
| #define VERSION "2.1.0"
| #define MATHLIB_LINUX 1
| #define X86_64BITS 1
| #define IX86_CPU 1
| #define HAVE_FENV_H 1
| /* end confdefs.h.  */
| #include <ac_nonexistent.h>
configure:9206: checking that generated files are newer than configure
configure:9212: result: done
configure:9235: creating ./config.status

## ---------------------- ##
## Running config.status. ##
## ---------------------- ##

This file was extended by mathlib config.status 2.1.0, which was
generated by GNU Autoconf 2.69.  Invocation command line was

  CONFIG_FILES    = 
  CONFIG_HEADERS  = 
  CONFIG_LINKS    = 
  CONFIG_COMMANDS = 
  $ ./config.status 

on pop-os

config.status:1091: creating Makefile
config.status:1091: creating src/Makefile
config.status:1091: creating mathlib.spec
config.status:1091: creating src/mathlib_configuration.h
config.status:1320: executing libtool commands
config.status:1320: executing depfiles commands

## ---------------- ##
## Cache variables. ##
## ---------------- ##

ac_cv_build=x86_64-unknown-linux-gnu
ac_cv_c_compiler_gnu=yes
ac_cv_env_CC_set=
ac_cv_env_CC_value=
ac_cv_env_CFLAGS_set=set
ac_cv_env_CFLAGS_value=' '
ac_cv_env_CPPFLAGS_set=
ac_cv_env_CPPFLAGS_value=
ac_cv_env_CPP_set=
ac_cv_env_CPP_value=
ac_cv_env_LDFLAGS_set=
ac_cv_env_LDFLAGS_value=
ac_cv_env_LIBS_set=
ac_cv_env_LIBS_value=
ac_cv_env_build_alias_set=
ac_cv_env_build_alias_value=
ac_cv_env_host_alias_set=
ac_cv_env_host_alias_value=
ac_cv_env_target_alias_set=
ac_cv_env_target_alias_value=
ac_cv_func_dlopen=no
ac_cv_func_shl_load=no
ac_cv_header_dlfcn_h=yes
ac_cv_header_fenv_h=yes
ac_cv_header_inttypes_h=yes
ac_cv_header_memory_h=yes
ac_cv_header_stdc=yes
ac_cv_header_stdint_h=yes
ac_cv_header_stdlib_h=yes
ac_cv_header_string_h=yes
ac_cv_header_strings_h=yes
ac_cv_header_sys_stat_h=yes
ac_cv_header_sys_types_h=yes
ac_cv_header_unistd_h=yes
ac_cv_host=x86_64-unknown-linux-gnu
ac_cv_lib_dl_dlopen=yes
ac_cv_lib_dld_shl_load=no
ac_cv_objext=o
ac_cv_path_EGREP='/usr/bin/grep -E'
ac_cv_path_FGREP='/usr/bin/grep -F'
ac_cv_path_GREP=/usr/bin/grep
ac_cv_path_SED=/usr/bin/sed
ac_cv_path_install='/usr/bin/install -c'
ac_cv_path_mkdir=/usr/bin/mkdir
ac_cv_prog_AWK=mawk
ac_cv_prog_CPP='gcc -E'
ac_cv_prog_ac_ct_AR=ar
ac_cv_prog_ac_ct_CC=gcc
ac_cv_prog_ac_ct_MANIFEST_TOOL=mt
ac_cv_prog_ac_ct_OBJDUMP=objdump
ac_cv_prog_ac_ct_RANLIB=ranlib
ac_cv_prog_ac_ct_STRIP=strip
ac_cv_prog_cc_c89=
ac_cv_prog_cc_g=yes
ac_cv_prog_make_make_set=yes
am_cv_CC_dependencies_compiler_type=gcc3
am_cv_make_support_nested_variables=yes
lt_cv_ar_at_file=@
lt_cv_deplibs_check_method=pass_all
lt_cv_dlopen=dlopen
lt_cv_dlopen_libs=-ldl
lt_cv_dlopen_self=yes
lt_cv_dlopen_self_static=no
lt_cv_file_magic_cmd='$MAGIC_CMD'
lt_cv_file_magic_test_file=
lt_cv_ld_reload_flag=-r
lt_cv_nm_interface='BSD nm'
lt_cv_objdir=.libs
lt_cv_path_LD=/usr/bin/ld
lt_cv_path_NM='/usr/bin/nm -B'
lt_cv_path_mainfest_tool=no
lt_cv_prog_compiler_c_o=yes
lt_cv_prog_compiler_pic='-fPIC -DPIC'
lt_cv_prog_compiler_pic_works=yes
lt_cv_prog_compiler_rtti_exceptions=no
lt_cv_prog_compiler_static_works=yes
lt_cv_prog_gnu_ld=yes
lt_cv_sharedlib_from_linklib_cmd='printf %s\n'
lt_cv_shlibpath_overrides_runpath=yes
lt_cv_sys_global_symbol_pipe='sed -n -e '\''s/^.*[	 ]\([ABCDGIRSTW][ABCDGIRSTW]*\)[	 ][	 ]*\([_A-Za-z][_A-Za-z0-9]*\)$/\1 \2 \2/p'\'' | sed '\''/ __gnu_lto/d'\'''
lt_cv_sys_global_symbol_to_c_name_address='sed -n -e '\''s/^: \([^ ]*\)[ ]*$/  {\"\1\", (void *) 0},/p'\'' -e '\''s/^[ABCDGIRSTW]* \([^ ]*\) \([^ ]*\)$/  {"\2", (void *) \&\2},/p'\'''
lt_cv_sys_global_symbol_to_c_name_address_lib_prefix='sed -n -e '\''s/^: \([^ ]*\)[ ]*$/  {\"\1\", (void *) 0},/p'\'' -e '\''s/^[ABCDGIRSTW]* \([^ ]*\) \(lib[^ ]*\)$/  {"\2", (void *) \&\2},/p'\'' -e '\''s/^[ABCDGIRSTW]* \([^ ]*\) \([^ ]*\)$/  {"lib\2", (void *) \&\2},/p'\'''
lt_cv_sys_global_symbol_to_cdecl='sed -n -e '\''s/^T .* \(.*\)$/extern int \1();/p'\'' -e '\''s/^[ABCDGIRSTW]* .* \(.*\)$/extern char \1;/p'\'''
lt_cv_sys_max_cmd_len=1572864
lt_cv_to_host_file_cmd=func_convert_file_noop
lt_cv_to_tool_file_cmd=func_convert_file_noop

## ----------------- ##
## Output variables. ##
## ----------------- ##

ACLOCAL='${SHELL} /home/cyx/proyectos/ibex/ibex-lib/__build__/3rd/mathlib-2.1.0/missing aclocal-1.13'
AMDEPBACKSLASH='\'
AMDEP_FALSE='#'
AMDEP_TRUE=''
AMTAR='$${TAR-tar}'
AM_BACKSLASH='\'
AM_DEFAULT_V='$(AM_DEFAULT_VERBOSITY)'
AM_DEFAULT_VERBOSITY='1'
AM_V='$(V)'
AR='ar'
AUTOCONF='${SHELL} /home/cyx/proyectos/ibex/ibex-lib/__build__/3rd/mathlib-2.1.0/missing autoconf'
AUTOHEADER='${SHELL} /home/cyx/proyectos/ibex/ibex-lib/__build__/3rd/mathlib-2.1.0/missing autoheader'
AUTOMAKE='${SHELL} /home/cyx/proyectos/ibex/ibex-lib/__build__/3rd/mathlib-2.1.0/missing automake-1.13'
AWK='mawk'
CC='gcc'
CCDEPMODE='depmode=gcc3'
CFLAGS='-g0 -O2  '
CPP='gcc -E'
CPPFLAGS=''
CYGPATH_W='echo'
DEFS='-DHAVE_CONFIG_H'
DEPDIR='.deps'
DLLTOOL='false'
DSYMUTIL=''
DUMPBIN=''
ECHO_C=''
ECHO_N='-n'
ECHO_T=''
EGREP='/usr/bin/grep -E'
EXEEXT=''
FGREP='/usr/bin/grep -F'
GREP='/usr/bin/grep'
INSTALL_DATA='${INSTALL} -m 644'
INSTALL_PROGRAM='${INSTALL}'
INSTALL_SCRIPT='${INSTALL}'
INSTALL_STRIP_PROGRAM='$(install_sh) -c -s'
LD='/usr/bin/ld -m elf_x86_64'
LDFLAGS=''
LIBOBJS=''
LIBS=''
LIBTOOL='$(SHELL) $(top_builddir)/libtool'
LIPO=''
LN_S='ln -s'
LTLIBOBJS=''
LT_RELEASE='2.1'
LT_VERSION_INFO='0:0:0'
MAINT='#'
MAINTAINER_MODE_FALSE=''
MAINTAINER_MODE_TRUE='#'
MAKEINFO='${SHELL} /home/cyx/proyectos/ibex/ibex-lib/__build__/3rd/mathlib-2.1.0/missing makeinfo'
MANIFEST_TOOL=':'
MATHLIB_MAJOR_VERSION=''
MATHLIB_MICRO_VERSION=''
MATHLIB_MINOR_VERSION=''
MATHLIB_RPM_RELEASE=''
MKDIR_P='/usr/bin/mkdir -p'
NM='/usr/bin/nm -B'
NMEDIT=''
OBJDUMP='objdump'
OBJEXT='o'
OTOOL64=''
OTOOL=''
PACKAGE='mathlib'
PACKAGE_BUGREPORT=''
PACKAGE_NAME='mathlib'
PACKAGE_STRING='mathlib 2.1.0'
PACKAGE_TARNAME='mathlib'
PACKAGE_URL=''
PACKAGE_VERSION='2.1.0'
PATH_SEPARATOR=':'
RANLIB='ranlib'
SED='/usr/bin/sed'
SET_MAKE=''
SHELL='/bin/bash'
STRIP='strip'
VERSION='2.1.0'
ac_ct_AR='ar'
ac_ct_CC='gcc'
ac_ct_DUMPBIN=''
am__EXEEXT_FALSE=''
am__EXEEXT_TRUE='#'
am__fastdepCC_FALSE='#'
am__fastdepCC_TRUE=''
am__include='include'
am__isrc=''
am__leading_dot='.'
am__nodep='_no'
am__quote=''
am__tar='$${TAR-tar} chof - "$$tardir"'
am__untar='$${TAR-tar} xf -'
bindir='${exec_prefix}/bin'
build='x86_64-unknown-linux-gnu'
build_alias=''
build_cpu='x86_64'
build_os='linux-gnu'
build_vendor='unknown'
datadir='${datarootdir}'
datarootdir='${prefix}/share'
docdir='${datarootdir}/doc/${PACKAGE_TARNAME}'
dvidir='${docdir}'
exec_prefix='${prefix}'
host='x86_64-unknown-linux-gnu'
host_alias=''
host_cpu='x86_64'
host_os='linux-gnu'
host_vendor='unknown'
htmldir='${docdir}'
includedir='${prefix}/include'
infodir='${datarootdir}/info'
install_sh='${SHELL} /home/cyx/proyectos/ibex/ibex-lib/__build__/3rd/mathlib-2.1.0/install-sh'
libdir='${exec_prefix}/lib'
libexecdir='${exec_prefix}/libexec'
localedir='${datarootdir}/locale'
localstatedir='${prefix}/var'
mandir='${datarootdir}/man'
mkdir_p='$(MKDIR_P)'
oldincludedir='/usr/include'
pdfdir='${docdir}'
prefix='/home/cyx/proyectos/ibex/ibex-lib/__build__/3rd'
program_transform_name='s,x,x,'
psdir='${docdir}'
sbindir='${exec_prefix}/sbin'
sharedstatedir='${prefix}/com'
sysconfdir='${prefix}/etc'
target_alias=''

## ----------- ##
## confdefs.h. ##
## ----------- ##

/* confdefs.h */
#define PACKAGE_NAME "mathlib"
#define PACKAGE_TARNAME "mathlib"
#define PACKAGE_VERSION "2.1.0"
#define PACKAGE_STRING "mathlib 2.1.0"
#define PACKAGE_BUGREPORT ""
#define PACKAGE_URL ""
#define STDC_HEADERS 1
#define HAVE_SYS_TYPES_H 1
#define HAVE_SYS_STAT_H 1
#define HAVE_STDLIB_H 1
#define HAVE_STRING_H 1
#define HAVE_MEMORY_H 1
#define HAVE_STRINGS_H 1
#define HAVE_INTTYPES_H 1
#define HAVE_STDINT_H 1
#define HAVE_UNISTD_H 1
#define HAVE_DLFCN_H 1
#define LT_OBJDIR ".libs/"
#define PACKAGE "mathlib"
#define VERSION "2.1.0"
#define MATHLIB_LINUX 1
#define X86_64BITS 1
#define IX86_CPU 1
#define HAVE_FENV_H 1

configure: exit 0
